* installing *source* package 'simsem' ...
** R
** inst
** preparing package for lazy loading
## 
## Amelia II: Multiple Imputation
## (Version 1.5-5, built: 2011-11-29)
## Copyright (C) 2005-2012 James Honaker, Gary King and Matthew Blackwell
## Refer to http://gking.harvard.edu/amelia/ for more information
##
** help
Warning: C:/Users/Sunthud/Desktop/My Dropbox/simsem/simsem/man/imposeMissing.Rd:56: unknown macro '\linkS4Class'
*** installing help indices
** building package indices ...
** testing if installed package can be loaded
## 
## Amelia II: Multiple Imputation
## (Version 1.5-5, built: 2011-11-29)
## Copyright (C) 2005-2012 James Honaker, Gary King and Matthew Blackwell
## Refer to http://gking.harvard.edu/amelia/ for more information
##

* DONE (simsem)
