* using log directory 'C:/Users/Sunthud/Desktop/My Dropbox/Fit Indices/Program/simsem/trunk/DataGeneration/backup/Version0.0-1.2/simsem.Rcheck'
* using R version 2.13.1 (2011-07-08)
* using platform: i386-pc-mingw32 (32-bit)
* using session charset: ISO8859-1
* checking for file 'simsem/DESCRIPTION' ... OK
* checking extension type ... Package
* this is package 'simsem' version '0.0-1'
* checking package name space information ... OK
* checking package dependencies ... OK
* checking if this is a source package ... OK
* checking for executable files ... OK
* checking whether package 'simsem' can be installed ... OK
* checking installed package size ... OK
* checking package directory ... OK
* checking for portable file names ... OK
* checking DESCRIPTION meta-information ... WARNING
Non-standard license specification:
  NA
Standardizable: FALSE
* checking top-level files ... OK
* checking index information ... OK
* checking package subdirectories ... OK
* checking R files for non-ASCII characters ... OK
* checking R files for syntax errors ... OK
* checking whether the package can be loaded ... OK
* checking whether the package can be loaded with stated dependencies ... OK
* checking whether the package can be unloaded cleanly ... OK
* checking whether the name space can be loaded with stated dependencies ... OK
* checking whether the name space can be unloaded cleanly ... OK
* checking for unstated dependencies in R code ... WARNING
package 'methods' is used but not declared
See the information on DESCRIPTION files in the chapter 'Creating R
packages' of the 'Writing R Extensions' manual.
* checking S3 generic/method consistency ... OK
* checking replacement functions ... OK
* checking foreign function calls ... OK
* checking R code for possible problems ... OK
* checking Rd files ... OK
* checking Rd metadata ... OK
* checking Rd cross-references ... WARNING
Missing link(s) in documentation object 'C:/Users/Sunthud/Desktop/My Dropbox/Fit Indices/Program/simsem/trunk/DataGeneration/backup/Version0.0-1.2/simsem/man/adjust.object.Rd':
  'simMatrix-class' 'symMatrix-class' 'simVector-class'

Missing link(s) in documentation object 'C:/Users/Sunthud/Desktop/My Dropbox/Fit Indices/Program/simsem/trunk/DataGeneration/backup/Version0.0-1.2/simsem/man/model.object.Rd':
  'simMatrixSet-class'

See the information in section 'Cross-references' of the 'Writing R
Extensions' manual.

* checking for missing documentation entries ... OK
* checking for code/documentation mismatches ... OK
* checking Rd \usage sections ... OK
* checking Rd contents ... OK
* checking for unstated dependencies in examples ... OK
* checking examples ... OK
* checking PDF version of manual ... OK
WARNING: There were 3 warnings, see
  'C:/Users/Sunthud/Desktop/My Dropbox/Fit Indices/Program/simsem/trunk/DataGeneration/backup/Version0.0-1.2/simsem.Rcheck/00check.log'
for details
