* installing *source* package 'simsem' ...
** R
** preparing package for lazy loading
in method for 'adjust.object' with signature 'target="simMatrix"': no definition for class "simMatrix"
in method for 'adjust.object' with signature 'target="simVector"': no definition for class "simVector"
in method for 'combine.object' with signature 'object1="simMatrix",object2="simMatrix"': no definition for class "simMatrix"
in method for 'combine.object' with signature 'object1="simVector",object2="simVector"': no definition for class "simVector"
in method for 'count.random.object' with signature '"simMatrix"': no definition for class "simMatrix"
in method for 'count.random.object' with signature '"simMatrixSet"': no definition for class "simMatrixSet"
in method for 'count.random.object' with signature '"simVector"': no definition for class "simVector"
in method for 'count.random.object' with signature '"symMatrix"': no definition for class "symMatrix"
in method for 'is.null.object' with signature 'target="simMatrix"': no definition for class "simMatrix"
in method for 'is.null.object' with signature '"simMatrixSet"': no definition for class "simMatrixSet"
in method for 'is.null.object' with signature 'target="simVector"': no definition for class "simVector"
in method for 'is.null.object' with signature 'target="symMatrix"': no definition for class "symMatrix"
Error in reconcilePropertiesAndPrototype(name, slots, prototype, superClasses,  : 
  No definition was found for superclass "simMatrix" in the specification of class "nullSimMatrix" 
Error : unable to load R code in package 'simsem'
ERROR: lazy loading failed for package 'simsem'
* removing 'C:/Users/Sunthud/Desktop/MYDROP~1/FITIND~1/Program/simsem/trunk/DATAGE~1/SIMSEM~1.RCH/simsem'
