* using log directory 'C:/Users/Sunthud/Desktop/My Dropbox/Fit Indices/Program/simsem/trunk/DataGeneration/backup/simsem.Rcheck'
* using R version 2.13.1 (2011-07-08)
* using platform: i386-pc-mingw32 (32-bit)
* using session charset: ISO8859-1
* checking for file 'simsem/DESCRIPTION' ... OK
* checking extension type ... Package
* this is package 'simsem' version '0.0-1'
* checking package name space information ... OK
* checking package dependencies ... OK
* checking if this is a source package ... OK
* checking for executable files ... OK
* checking whether package 'simsem' can be installed ... OK
* checking installed package size ... OK
* checking package directory ... OK
* checking for portable file names ... OK
* checking DESCRIPTION meta-information ... WARNING
Non-standard license specification:
  NA
Standardizable: FALSE
* checking top-level files ... OK
* checking index information ... OK
* checking package subdirectories ... OK
* checking R files for non-ASCII characters ... OK
* checking R files for syntax errors ... OK
* checking whether the package can be loaded ... OK
* checking whether the package can be loaded with stated dependencies ... OK
* checking whether the package can be unloaded cleanly ... OK
* checking whether the name space can be loaded with stated dependencies ... OK
* checking whether the name space can be unloaded cleanly ... OK
* checking for unstated dependencies in R code ... WARNING
package 'methods' is used but not declared
See the information on DESCRIPTION files in the chapter 'Creating R
packages' of the 'Writing R Extensions' manual.
* checking S3 generic/method consistency ... OK
* checking replacement functions ... OK
* checking foreign function calls ... OK
* checking R code for possible problems ... NOTE
match.LX: no visible binding for global variable 'W.loading'
match.LX: no visible binding for global variable 'W.error'
match.LX: no visible binding for global variable 'W.latent.cor'
match.LX: no visible binding for global variable 'W.VTD'
match.LX: no visible binding for global variable 'W.VTE'
match.LX: no visible binding for global variable 'W.VX'
match.LX: no visible binding for global variable 'W.VY'
match.LX: no visible binding for global variable 'W.intercept'
match.LX: no visible binding for global variable 'W.factor.mean'
match.LX: no visible binding for global variable 'W.MX'
match.LX: no visible binding for global variable 'W.MY'
match.LX: no visible binding for global variable 'W.VE'
match.LX: no visible binding for global variable 'W.VPS'
match.LX: no visible binding for global variable 'W.VPH'
* checking Rd files ... OK
* checking Rd metadata ... OK
* checking Rd cross-references ... OK
* checking for missing documentation entries ... WARNING
Undocumented data sets:
  .AL .BE .GA .KA .LX .LY .ME .MX .MY .PH .PS .TD .TE .TH .TX .TY .VE
  .VPH .VPS .VTD .VTE .VX .VY .error .factor.mean .intercept
  .latent.cor .loading W.AL W.BE W.GA W.KA W.LX W.LY W.ME W.MX W.MY
  W.PH W.PS W.TD W.TE W.TH W.TX W.TY W.VE W.VPH W.VPS W.VTD W.VTE W.VX
  W.VY W.error W.factor.mean W.intercept W.latent.cor W.loading
All user-level objects in a package should have documentation entries.
See the chapter 'Writing R documentation files' in the 'Writing R
Extensions' manual.
* checking for code/documentation mismatches ... WARNING
Codoc mismatches from documentation object 'run':
run
  Code: function(object)
  Docs: function(object, ...)
  Argument names in docs not in code:
    ...

* checking Rd \usage sections ... OK
* checking Rd contents ... OK
* checking for unstated dependencies in examples ... OK
* checking contents of 'data' directory ... OK
* checking data for non-ASCII characters ... OK
* checking data for ASCII and uncompressed saves ... OK
* checking examples ... OK
* checking PDF version of manual ... OK
WARNING: There were 4 warnings, see
  'C:/Users/Sunthud/Desktop/My Dropbox/Fit Indices/Program/simsem/trunk/DataGeneration/backup/simsem.Rcheck/00check.log'
for details
