This is pdfTeX, Version 3.1415926-1.40.11 (MiKTeX 2.9) (preloaded format=pdflatex 2011.7.1)  18 MAY 2012 09:29
entering extended mode
**C:/Users/Sunthud/AppData/Local/Temp/RtmpUJRbRe/Rd2pdf5fc7a257fb0/Rd2.tex
(C:/Users/Sunthud/AppData/Local/Temp/RtmpUJRbRe/Rd2pdf5fc7a257fb0/Rd2.tex
LaTeX2e <2009/09/24>
Babel <v3.8l> and hyphenation patterns for english, afrikaans, ancientgreek, ar
abic, armenian, assamese, basque, bengali, bokmal, bulgarian, catalan, coptic, 
croatian, czech, danish, dutch, esperanto, estonian, farsi, finnish, french, ga
lician, german, german-x-2009-06-19, greek, gujarati, hindi, hungarian, iceland
ic, indonesian, interlingua, irish, italian, kannada, kurmanji, lao, latin, lat
vian, lithuanian, malayalam, marathi, mongolian, mongolianlmc, monogreek, ngerm
an, ngerman-x-2009-06-19, nynorsk, oriya, panjabi, pinyin, polish, portuguese, 
romanian, russian, sanskrit, serbian, slovak, slovenian, spanish, swedish, swis
sgerman, tamil, telugu, turkish, turkmen, ukenglish, ukrainian, uppersorbian, u
senglishmax, welsh, loaded.

("C:\Program Files (x86)\MiKTeX 2.9\tex\latex\base\book.cls"
Document Class: book 2007/10/19 v1.4h Standard LaTeX document class
("C:\Program Files (x86)\MiKTeX 2.9\tex\latex\base\bk10.clo"
File: bk10.clo 2007/10/19 v1.4h Standard LaTeX file (size option)
)
\c@part=\count79
\c@chapter=\count80
\c@section=\count81
\c@subsection=\count82
\c@subsubsection=\count83
\c@paragraph=\count84
\c@subparagraph=\count85
\c@figure=\count86
\c@table=\count87
\abovecaptionskip=\skip41
\belowcaptionskip=\skip42
\bibindent=\dimen102
)
(c:/PROGRA~1/R/R-215~1.0/share/texmf/tex/latex\Rd.sty
Package: Rd 

("C:\Program Files (x86)\MiKTeX 2.9\tex\latex\base\ifthen.sty"
Package: ifthen 2001/05/26 v1.1c Standard LaTeX ifthen package (DPC)
)
("C:\Program Files (x86)\MiKTeX 2.9\tex\latex\tools\longtable.sty"
Package: longtable 2004/02/01 v4.11 Multi-page Table package (DPC)
\LTleft=\skip43
\LTright=\skip44
\LTpre=\skip45
\LTpost=\skip46
\LTchunksize=\count88
\LTcapwidth=\dimen103
\LT@head=\box26
\LT@firsthead=\box27
\LT@foot=\box28
\LT@lastfoot=\box29
\LT@cols=\count89
\LT@rows=\count90
\c@LT@tables=\count91
\c@LT@chunks=\count92
\LT@p@ftn=\toks14
)
("C:\Program Files (x86)\MiKTeX 2.9\tex\latex\tools\bm.sty"
Package: bm 2004/02/26 v1.1c Bold Symbol Support (DPC/FMi)
\symboldoperators=\mathgroup4
\symboldletters=\mathgroup5
\symboldsymbols=\mathgroup6
LaTeX Font Info:    Redeclaring math alphabet \mathbf on input line 138.
LaTeX Info: Redefining \bm on input line 204.
)
("C:\Program Files (x86)\MiKTeX 2.9\tex\latex\base\alltt.sty"
Package: alltt 1997/06/16 v2.0g defines alltt environment
)
("C:\Program Files (x86)\MiKTeX 2.9\tex\latex\tools\verbatim.sty"
Package: verbatim 2003/08/22 v1.5q LaTeX2e package for verbatim enhancements
\every@verbatim=\toks15
\verbatim@line=\toks16
\verbatim@in@stream=\read1
)
("C:\Program Files (x86)\MiKTeX 2.9\tex\latex\ltxmisc\url.sty"
\Urlmuskip=\muskip10
Package: url 2006/04/12  ver 3.3  Verb mode for urls, etc.
)
\ldescriptionwidth=\skip47
 NOT loading ae
("C:\Program Files (x86)\MiKTeX 2.9\tex\latex\base\fontenc.sty"
Package: fontenc 2005/09/27 v1.99g Standard LaTeX package

("C:\Program Files (x86)\MiKTeX 2.9\tex\latex\base\t1enc.def"
File: t1enc.def 2005/09/27 v1.99g Standard LaTeX file
LaTeX Font Info:    Redeclaring font encoding T1 on input line 43.
))
("C:\Program Files (x86)\MiKTeX 2.9\tex\latex\psnfss\times.sty"
Package: times 2005/04/12 PSNFSS-v9.2a (SPQR) 
)
NOT loading lmodern
("C:\Program Files (x86)\MiKTeX 2.9\tex\latex\inconsolata\inconsolata.sty"
Package: inconsolata 2009/11/28 Inconsolata

("C:\Program Files (x86)\MiKTeX 2.9\tex\latex\base\textcomp.sty"
Package: textcomp 2005/09/27 v1.99g Standard LaTeX package
Package textcomp Info: Sub-encoding information:
(textcomp)               5 = only ISO-Adobe without \textcurrency
(textcomp)               4 = 5 + \texteuro
(textcomp)               3 = 4 + \textohm
(textcomp)               2 = 3 + \textestimated + \textcurrency
(textcomp)               1 = TS1 - \textcircled - \t
(textcomp)               0 = TS1 (full)
(textcomp)             Font families with sub-encoding setting implement
(textcomp)             only a restricted character set as indicated.
(textcomp)             Family '?' is the default used for unknown fonts.
(textcomp)             See the documentation for details.
Package textcomp Info: Setting ? sub-encoding to TS1/1 on input line 71.

("C:\Program Files (x86)\MiKTeX 2.9\tex\latex\base\ts1enc.def"
File: ts1enc.def 2001/06/05 v3.0e (jk/car/fm) Standard LaTeX file
)
LaTeX Info: Redefining \oldstylenums on input line 266.
Package textcomp Info: Setting cmr sub-encoding to TS1/0 on input line 281.
Package textcomp Info: Setting cmss sub-encoding to TS1/0 on input line 282.
Package textcomp Info: Setting cmtt sub-encoding to TS1/0 on input line 283.
Package textcomp Info: Setting cmvtt sub-encoding to TS1/0 on input line 284.
Package textcomp Info: Setting cmbr sub-encoding to TS1/0 on input line 285.
Package textcomp Info: Setting cmtl sub-encoding to TS1/0 on input line 286.
Package textcomp Info: Setting ccr sub-encoding to TS1/0 on input line 287.
Package textcomp Info: Setting ptm sub-encoding to TS1/4 on input line 288.
Package textcomp Info: Setting pcr sub-encoding to TS1/4 on input line 289.
Package textcomp Info: Setting phv sub-encoding to TS1/4 on input line 290.
Package textcomp Info: Setting ppl sub-encoding to TS1/3 on input line 291.
Package textcomp Info: Setting pag sub-encoding to TS1/4 on input line 292.
Package textcomp Info: Setting pbk sub-encoding to TS1/4 on input line 293.
Package textcomp Info: Setting pnc sub-encoding to TS1/4 on input line 294.
Package textcomp Info: Setting pzc sub-encoding to TS1/4 on input line 295.
Package textcomp Info: Setting bch sub-encoding to TS1/4 on input line 296.
Package textcomp Info: Setting put sub-encoding to TS1/5 on input line 297.
Package textcomp Info: Setting uag sub-encoding to TS1/5 on input line 298.
Package textcomp Info: Setting ugq sub-encoding to TS1/5 on input line 299.
Package textcomp Info: Setting ul8 sub-encoding to TS1/4 on input line 300.
Package textcomp Info: Setting ul9 sub-encoding to TS1/4 on input line 301.
Package textcomp Info: Setting augie sub-encoding to TS1/5 on input line 302.
Package textcomp Info: Setting dayrom sub-encoding to TS1/3 on input line 303.
Package textcomp Info: Setting dayroms sub-encoding to TS1/3 on input line 304.

Package textcomp Info: Setting pxr sub-encoding to TS1/0 on input line 305.
Package textcomp Info: Setting pxss sub-encoding to TS1/0 on input line 306.
Package textcomp Info: Setting pxtt sub-encoding to TS1/0 on input line 307.
Package textcomp Info: Setting txr sub-encoding to TS1/0 on input line 308.
Package textcomp Info: Setting txss sub-encoding to TS1/0 on input line 309.
Package textcomp Info: Setting txtt sub-encoding to TS1/0 on input line 310.
Package textcomp Info: Setting futs sub-encoding to TS1/4 on input line 311.
Package textcomp Info: Setting futx sub-encoding to TS1/4 on input line 312.
Package textcomp Info: Setting futj sub-encoding to TS1/4 on input line 313.
Package textcomp Info: Setting hlh sub-encoding to TS1/3 on input line 314.
Package textcomp Info: Setting hls sub-encoding to TS1/3 on input line 315.
Package textcomp Info: Setting hlst sub-encoding to TS1/3 on input line 316.
Package textcomp Info: Setting hlct sub-encoding to TS1/5 on input line 317.
Package textcomp Info: Setting hlx sub-encoding to TS1/5 on input line 318.
Package textcomp Info: Setting hlce sub-encoding to TS1/5 on input line 319.
Package textcomp Info: Setting hlcn sub-encoding to TS1/5 on input line 320.
Package textcomp Info: Setting hlcw sub-encoding to TS1/5 on input line 321.
Package textcomp Info: Setting hlcf sub-encoding to TS1/5 on input line 322.
Package textcomp Info: Setting pplx sub-encoding to TS1/3 on input line 323.
Package textcomp Info: Setting pplj sub-encoding to TS1/3 on input line 324.
Package textcomp Info: Setting ptmx sub-encoding to TS1/4 on input line 325.
Package textcomp Info: Setting ptmj sub-encoding to TS1/4 on input line 326.
)
("C:\Program Files (x86)\MiKTeX 2.9\tex\latex\graphics\keyval.sty"
Package: keyval 1999/03/16 v1.13 key=value parser (DPC)
\KV@toks@=\toks17
))
("C:\Program Files (x86)\MiKTeX 2.9\tex\latex\graphics\color.sty"
Package: color 2005/11/14 v1.0j Standard LaTeX Color (DPC)

("C:\Program Files (x86)\MiKTeX 2.9\tex\latex\00miktex\color.cfg"
File: color.cfg 2007/01/18 v1.5 color configuration of teTeX/TeXLive
)
Package color Info: Driver file: pdftex.def on input line 130.

("C:\Program Files (x86)\MiKTeX 2.9\tex\latex\pdftex-def\pdftex.def"
File: pdftex.def 2011/04/25 v0.06b Graphics/color for pdfTeX

("C:\Program Files (x86)\MiKTeX 2.9\tex\generic\oberdiek\infwarerr.sty"
Package: infwarerr 2010/04/08 v1.3 Providing info/warning/message (HO)
)
("C:\Program Files (x86)\MiKTeX 2.9\tex\generic\oberdiek\ltxcmds.sty"
Package: ltxcmds 2011/04/18 v1.20 LaTeX kernel commands for general use (HO)
)
\Gread@gobject=\count93
))
("C:\Program Files (x86)\MiKTeX 2.9\tex\latex\hyperref\hyperref.sty"
Package: hyperref 2011/04/17 v6.82g Hypertext links for LaTeX

("C:\Program Files (x86)\MiKTeX 2.9\tex\generic\oberdiek\hobsub-hyperref.sty"
Package: hobsub-hyperref 2011/04/23 v1.4 Bundle oberdiek, subset hyperref (HO)

("C:\Program Files (x86)\MiKTeX 2.9\tex\generic\oberdiek\hobsub-generic.sty"
Package: hobsub-generic 2011/04/23 v1.4 Bundle oberdiek, subset generic (HO)
Package: hobsub 2011/04/23 v1.4 Subsetting bundle oberdiek (HO)
Package hobsub Info: Skipping package `infwarerr' (already loaded).
Package hobsub Info: Skipping package `ltxcmds' (already loaded).
Package: ifluatex 2010/03/01 v1.3 Provides the ifluatex switch (HO)
Package ifluatex Info: LuaTeX not detected.
Package: ifvtex 2010/03/01 v1.5 Switches for detecting VTeX and its modes (HO)
Package ifvtex Info: VTeX not detected.
Package: intcalc 2007/09/27 v1.1 Expandable integer calculations (HO)
Package: ifpdf 2011/01/30 v2.3 Provides the ifpdf switch (HO)
Package ifpdf Info: pdfTeX in PDF mode is detected.
Package: etexcmds 2011/02/16 v1.5 Prefix for e-TeX command names (HO)
Package etexcmds Info: Could not find \expanded.
(etexcmds)             That can mean that you are not using pdfTeX 1.50 or
(etexcmds)             that some package has redefined \expanded.
(etexcmds)             In the latter case, load this package earlier.
Package: kvsetkeys 2011/04/07 v1.13 Key value parser (HO)
Package: kvdefinekeys 2011/04/07 v1.3 Defining keys (HO)
Package: pdftexcmds 2011/04/22 v0.16 Utilities of pdfTeX for LuaTeX (HO)
Package pdftexcmds Info: LuaTeX not detected.
Package pdftexcmds Info: \pdf@primitive is available.
Package pdftexcmds Info: \pdf@ifprimitive is available.
Package pdftexcmds Info: \pdfdraftmode found.
Package: pdfescape 2011/04/04 v1.12 Provides string conversions (HO)
Package: bigintcalc 2011/01/30 v1.2 Expandable big integer calculations (HO)
Package: bitset 2011/01/30 v1.1 Data type bit set (HO)
Package: uniquecounter 2011/01/30 v1.2 Provides unlimited unique counter (HO)
)
Package hobsub Info: Skipping package `hobsub' (already loaded).
Package: letltxmacro 2010/09/02 v1.4 Let assignment for LaTeX macros (HO)
Package: hopatch 2011/01/30 v1.0 Wrapper for package hooks (HO)
Package: xcolor-patch 2011/01/30 xcolor patch
Package: atveryend 2011/04/23 v1.7 Hooks at very end of document (HO)
Package atveryend Info: \enddocument detected (standard).
Package: atbegshi 2011/01/30 v1.15 At begin shipout hook (HO)
Package: refcount 2010/12/01 v3.2 Data extraction from references (HO)
Package: hycolor 2011/01/30 v1.7 Color options of hyperref/bookmark (HO)
)
("C:\Program Files (x86)\MiKTeX 2.9\tex\generic\ifxetex\ifxetex.sty"
Package: ifxetex 2010/09/12 v0.6 Provides ifxetex conditional
)
("C:\Program Files (x86)\MiKTeX 2.9\tex\latex\oberdiek\kvoptions.sty"
Package: kvoptions 2010/12/23 v3.10 Keyval support for LaTeX options (HO)
)
\@linkdim=\dimen104
\Hy@linkcounter=\count94
\Hy@pagecounter=\count95

("C:\Program Files (x86)\MiKTeX 2.9\tex\latex\hyperref\pd1enc.def"
File: pd1enc.def 2011/04/17 v6.82g Hyperref: PDFDocEncoding definition (HO)
)
\Hy@SavedSpaceFactor=\count96

("C:\Program Files (x86)\MiKTeX 2.9\tex\latex\00miktex\hyperref.cfg"
File: hyperref.cfg 2002/06/06 v1.2 hyperref configuration of TeXLive
)
Package hyperref Info: Hyper figures OFF on input line 4026.
Package hyperref Info: Link nesting OFF on input line 4031.
Package hyperref Info: Hyper index ON on input line 4034.
Package hyperref Info: Plain pages OFF on input line 4041.
Package hyperref Info: Backreferencing OFF on input line 4046.
Package hyperref Info: Implicit mode ON; LaTeX internals redefined.
Package hyperref Info: Bookmarks ON on input line 4264.
LaTeX Info: Redefining \href on input line 4528.
\c@Hy@tempcnt=\count97
LaTeX Info: Redefining \url on input line 4617.
\Fld@menulength=\count98
\Field@Width=\dimen105
\Fld@charsize=\dimen106
Package hyperref Info: Hyper figures OFF on input line 5701.
Package hyperref Info: Link nesting OFF on input line 5706.
Package hyperref Info: Hyper index ON on input line 5709.
Package hyperref Info: backreferencing OFF on input line 5716.
Package hyperref Info: Link coloring OFF on input line 5721.
Package hyperref Info: Link coloring with OCG OFF on input line 5726.
Package hyperref Info: PDF/A mode OFF on input line 5731.
LaTeX Info: Redefining \ref on input line 5771.
LaTeX Info: Redefining \pageref on input line 5775.
\Hy@abspage=\count99
\c@Item=\count100
\c@Hfootnote=\count101
)

Package hyperref Message: Driver (autodetected): hpdftex.

("C:\Program Files (x86)\MiKTeX 2.9\tex\latex\hyperref\hpdftex.def"
File: hpdftex.def 2011/04/17 v6.82g Hyperref driver for pdfTeX
\Fld@listcount=\count102
\c@bookmark@seq@number=\count103

("C:\Program Files (x86)\MiKTeX 2.9\tex\latex\oberdiek\rerunfilecheck.sty"
Package: rerunfilecheck 2011/04/15 v1.7 Rerun checks for auxiliary files (HO)
Package uniquecounter Info: New unique counter `rerunfilecheck' on input line 2
82.
)
\Hy@SectionHShift=\skip48
)

Package hyperref Warning: Option `hyperindex' has already been used,
(hyperref)                setting the option has no effect on input line 356.

Package hyperref Info: Option `colorlinks' set `true' on input line 356.

Package hyperref Warning: Option `pagebackref' has already been used,
(hyperref)                setting the option has no effect on input line 356.

Package hyperref Info: Option `linktocpage' set `true' on input line 356.
Package hyperref Info: Option `plainpages' set `false' on input line 356.
) ("C:\Program Files (x86)\MiKTeX 2.9\tex\latex\base\makeidx.sty"
Package: makeidx 2000/03/29 v1.0m Standard LaTeX package
)
("C:\Program Files (x86)\MiKTeX 2.9\tex\latex\base\inputenc.sty"
Package: inputenc 2008/03/30 v1.1d Input encoding file
\inpenc@prehook=\toks18
\inpenc@posthook=\toks19

("C:\Program Files (x86)\MiKTeX 2.9\tex\latex\base\utf8.def"
File: utf8.def 2008/04/05 v1.1m UTF-8 support for inputenc
Now handling font encoding OML ...
... no UTF-8 mapping file for font encoding OML
Now handling font encoding T1 ...
... processing UTF-8 mapping file for font encoding T1

("C:\Program Files (x86)\MiKTeX 2.9\tex\latex\base\t1enc.dfu"
File: t1enc.dfu 2008/04/05 v1.1m UTF-8 support for inputenc
   defining Unicode char U+00A1 (decimal 161)
   defining Unicode char U+00A3 (decimal 163)
   defining Unicode char U+00AB (decimal 171)
   defining Unicode char U+00BB (decimal 187)
   defining Unicode char U+00BF (decimal 191)
   defining Unicode char U+00C0 (decimal 192)
   defining Unicode char U+00C1 (decimal 193)
   defining Unicode char U+00C2 (decimal 194)
   defining Unicode char U+00C3 (decimal 195)
   defining Unicode char U+00C4 (decimal 196)
   defining Unicode char U+00C5 (decimal 197)
   defining Unicode char U+00C6 (decimal 198)
   defining Unicode char U+00C7 (decimal 199)
   defining Unicode char U+00C8 (decimal 200)
   defining Unicode char U+00C9 (decimal 201)
   defining Unicode char U+00CA (decimal 202)
   defining Unicode char U+00CB (decimal 203)
   defining Unicode char U+00CC (decimal 204)
   defining Unicode char U+00CD (decimal 205)
   defining Unicode char U+00CE (decimal 206)
   defining Unicode char U+00CF (decimal 207)
   defining Unicode char U+00D0 (decimal 208)
   defining Unicode char U+00D1 (decimal 209)
   defining Unicode char U+00D2 (decimal 210)
   defining Unicode char U+00D3 (decimal 211)
   defining Unicode char U+00D4 (decimal 212)
   defining Unicode char U+00D5 (decimal 213)
   defining Unicode char U+00D6 (decimal 214)
   defining Unicode char U+00D8 (decimal 216)
   defining Unicode char U+00D9 (decimal 217)
   defining Unicode char U+00DA (decimal 218)
   defining Unicode char U+00DB (decimal 219)
   defining Unicode char U+00DC (decimal 220)
   defining Unicode char U+00DD (decimal 221)
   defining Unicode char U+00DE (decimal 222)
   defining Unicode char U+00DF (decimal 223)
   defining Unicode char U+00E0 (decimal 224)
   defining Unicode char U+00E1 (decimal 225)
   defining Unicode char U+00E2 (decimal 226)
   defining Unicode char U+00E3 (decimal 227)
   defining Unicode char U+00E4 (decimal 228)
   defining Unicode char U+00E5 (decimal 229)
   defining Unicode char U+00E6 (decimal 230)
   defining Unicode char U+00E7 (decimal 231)
   defining Unicode char U+00E8 (decimal 232)
   defining Unicode char U+00E9 (decimal 233)
   defining Unicode char U+00EA (decimal 234)
   defining Unicode char U+00EB (decimal 235)
   defining Unicode char U+00EC (decimal 236)
   defining Unicode char U+00ED (decimal 237)
   defining Unicode char U+00EE (decimal 238)
   defining Unicode char U+00EF (decimal 239)
   defining Unicode char U+00F0 (decimal 240)
   defining Unicode char U+00F1 (decimal 241)
   defining Unicode char U+00F2 (decimal 242)
   defining Unicode char U+00F3 (decimal 243)
   defining Unicode char U+00F4 (decimal 244)
   defining Unicode char U+00F5 (decimal 245)
   defining Unicode char U+00F6 (decimal 246)
   defining Unicode char U+00F8 (decimal 248)
   defining Unicode char U+00F9 (decimal 249)
   defining Unicode char U+00FA (decimal 250)
   defining Unicode char U+00FB (decimal 251)
   defining Unicode char U+00FC (decimal 252)
   defining Unicode char U+00FD (decimal 253)
   defining Unicode char U+00FE (decimal 254)
   defining Unicode char U+00FF (decimal 255)
   defining Unicode char U+0102 (decimal 258)
   defining Unicode char U+0103 (decimal 259)
   defining Unicode char U+0104 (decimal 260)
   defining Unicode char U+0105 (decimal 261)
   defining Unicode char U+0106 (decimal 262)
   defining Unicode char U+0107 (decimal 263)
   defining Unicode char U+010C (decimal 268)
   defining Unicode char U+010D (decimal 269)
   defining Unicode char U+010E (decimal 270)
   defining Unicode char U+010F (decimal 271)
   defining Unicode char U+0110 (decimal 272)
   defining Unicode char U+0111 (decimal 273)
   defining Unicode char U+0118 (decimal 280)
   defining Unicode char U+0119 (decimal 281)
   defining Unicode char U+011A (decimal 282)
   defining Unicode char U+011B (decimal 283)
   defining Unicode char U+011E (decimal 286)
   defining Unicode char U+011F (decimal 287)
   defining Unicode char U+0130 (decimal 304)
   defining Unicode char U+0131 (decimal 305)
   defining Unicode char U+0132 (decimal 306)
   defining Unicode char U+0133 (decimal 307)
   defining Unicode char U+0139 (decimal 313)
   defining Unicode char U+013A (decimal 314)
   defining Unicode char U+013D (decimal 317)
   defining Unicode char U+013E (decimal 318)
   defining Unicode char U+0141 (decimal 321)
   defining Unicode char U+0142 (decimal 322)
   defining Unicode char U+0143 (decimal 323)
   defining Unicode char U+0144 (decimal 324)
   defining Unicode char U+0147 (decimal 327)
   defining Unicode char U+0148 (decimal 328)
   defining Unicode char U+014A (decimal 330)
   defining Unicode char U+014B (decimal 331)
   defining Unicode char U+0150 (decimal 336)
   defining Unicode char U+0151 (decimal 337)
   defining Unicode char U+0152 (decimal 338)
   defining Unicode char U+0153 (decimal 339)
   defining Unicode char U+0154 (decimal 340)
   defining Unicode char U+0155 (decimal 341)
   defining Unicode char U+0158 (decimal 344)
   defining Unicode char U+0159 (decimal 345)
   defining Unicode char U+015A (decimal 346)
   defining Unicode char U+015B (decimal 347)
   defining Unicode char U+015E (decimal 350)
   defining Unicode char U+015F (decimal 351)
   defining Unicode char U+0160 (decimal 352)
   defining Unicode char U+0161 (decimal 353)
   defining Unicode char U+0162 (decimal 354)
   defining Unicode char U+0163 (decimal 355)
   defining Unicode char U+0164 (decimal 356)
   defining Unicode char U+0165 (decimal 357)
   defining Unicode char U+016E (decimal 366)
   defining Unicode char U+016F (decimal 367)
   defining Unicode char U+0170 (decimal 368)
   defining Unicode char U+0171 (decimal 369)
   defining Unicode char U+0178 (decimal 376)
   defining Unicode char U+0179 (decimal 377)
   defining Unicode char U+017A (decimal 378)
   defining Unicode char U+017B (decimal 379)
   defining Unicode char U+017C (decimal 380)
   defining Unicode char U+017D (decimal 381)
   defining Unicode char U+017E (decimal 382)
   defining Unicode char U+200C (decimal 8204)
   defining Unicode char U+2013 (decimal 8211)
   defining Unicode char U+2014 (decimal 8212)
   defining Unicode char U+2018 (decimal 8216)
   defining Unicode char U+2019 (decimal 8217)
   defining Unicode char U+201A (decimal 8218)
   defining Unicode char U+201C (decimal 8220)
   defining Unicode char U+201D (decimal 8221)
   defining Unicode char U+201E (decimal 8222)
   defining Unicode char U+2030 (decimal 8240)
   defining Unicode char U+2031 (decimal 8241)
   defining Unicode char U+2039 (decimal 8249)
   defining Unicode char U+203A (decimal 8250)
   defining Unicode char U+2423 (decimal 9251)
)
Now handling font encoding OT1 ...
... processing UTF-8 mapping file for font encoding OT1

("C:\Program Files (x86)\MiKTeX 2.9\tex\latex\base\ot1enc.dfu"
File: ot1enc.dfu 2008/04/05 v1.1m UTF-8 support for inputenc
   defining Unicode char U+00A1 (decimal 161)
   defining Unicode char U+00A3 (decimal 163)
   defining Unicode char U+00B8 (decimal 184)
   defining Unicode char U+00BF (decimal 191)
   defining Unicode char U+00C5 (decimal 197)
   defining Unicode char U+00C6 (decimal 198)
   defining Unicode char U+00D8 (decimal 216)
   defining Unicode char U+00DF (decimal 223)
   defining Unicode char U+00E6 (decimal 230)
   defining Unicode char U+00EC (decimal 236)
   defining Unicode char U+00ED (decimal 237)
   defining Unicode char U+00EE (decimal 238)
   defining Unicode char U+00EF (decimal 239)
   defining Unicode char U+00F8 (decimal 248)
   defining Unicode char U+0131 (decimal 305)
   defining Unicode char U+0141 (decimal 321)
   defining Unicode char U+0142 (decimal 322)
   defining Unicode char U+0152 (decimal 338)
   defining Unicode char U+0153 (decimal 339)
   defining Unicode char U+2013 (decimal 8211)
   defining Unicode char U+2014 (decimal 8212)
   defining Unicode char U+2018 (decimal 8216)
   defining Unicode char U+2019 (decimal 8217)
   defining Unicode char U+201C (decimal 8220)
   defining Unicode char U+201D (decimal 8221)
)
Now handling font encoding OMS ...
... processing UTF-8 mapping file for font encoding OMS

("C:\Program Files (x86)\MiKTeX 2.9\tex\latex\base\omsenc.dfu"
File: omsenc.dfu 2008/04/05 v1.1m UTF-8 support for inputenc
   defining Unicode char U+00A7 (decimal 167)
   defining Unicode char U+00B6 (decimal 182)
   defining Unicode char U+00B7 (decimal 183)
   defining Unicode char U+2020 (decimal 8224)
   defining Unicode char U+2021 (decimal 8225)
   defining Unicode char U+2022 (decimal 8226)
)
Now handling font encoding OMX ...
... no UTF-8 mapping file for font encoding OMX
Now handling font encoding U ...
... no UTF-8 mapping file for font encoding U
Now handling font encoding TS1 ...
... processing UTF-8 mapping file for font encoding TS1

("C:\Program Files (x86)\MiKTeX 2.9\tex\latex\base\ts1enc.dfu"
File: ts1enc.dfu 2008/04/05 v1.1m UTF-8 support for inputenc
   defining Unicode char U+00A2 (decimal 162)
   defining Unicode char U+00A3 (decimal 163)
   defining Unicode char U+00A4 (decimal 164)
   defining Unicode char U+00A5 (decimal 165)
   defining Unicode char U+00A6 (decimal 166)
   defining Unicode char U+00A7 (decimal 167)
   defining Unicode char U+00A8 (decimal 168)
   defining Unicode char U+00A9 (decimal 169)
   defining Unicode char U+00AA (decimal 170)
   defining Unicode char U+00AC (decimal 172)
   defining Unicode char U+00AE (decimal 174)
   defining Unicode char U+00AF (decimal 175)
   defining Unicode char U+00B0 (decimal 176)
   defining Unicode char U+00B1 (decimal 177)
   defining Unicode char U+00B2 (decimal 178)
   defining Unicode char U+00B3 (decimal 179)
   defining Unicode char U+00B4 (decimal 180)
   defining Unicode char U+00B5 (decimal 181)
   defining Unicode char U+00B6 (decimal 182)
   defining Unicode char U+00B7 (decimal 183)
   defining Unicode char U+00B9 (decimal 185)
   defining Unicode char U+00BA (decimal 186)
   defining Unicode char U+00BC (decimal 188)
   defining Unicode char U+00BD (decimal 189)
   defining Unicode char U+00BE (decimal 190)
   defining Unicode char U+00D7 (decimal 215)
   defining Unicode char U+00F7 (decimal 247)
   defining Unicode char U+0192 (decimal 402)
   defining Unicode char U+02C7 (decimal 711)
   defining Unicode char U+02D8 (decimal 728)
   defining Unicode char U+02DD (decimal 733)
   defining Unicode char U+0E3F (decimal 3647)
   defining Unicode char U+2016 (decimal 8214)
   defining Unicode char U+2020 (decimal 8224)
   defining Unicode char U+2021 (decimal 8225)
   defining Unicode char U+2022 (decimal 8226)
   defining Unicode char U+2030 (decimal 8240)
   defining Unicode char U+2031 (decimal 8241)
   defining Unicode char U+203B (decimal 8251)
   defining Unicode char U+203D (decimal 8253)
   defining Unicode char U+2044 (decimal 8260)
   defining Unicode char U+204E (decimal 8270)
   defining Unicode char U+2052 (decimal 8274)
   defining Unicode char U+20A1 (decimal 8353)
   defining Unicode char U+20A4 (decimal 8356)
   defining Unicode char U+20A6 (decimal 8358)
   defining Unicode char U+20A9 (decimal 8361)
   defining Unicode char U+20AB (decimal 8363)
   defining Unicode char U+20AC (decimal 8364)
   defining Unicode char U+20B1 (decimal 8369)
   defining Unicode char U+2103 (decimal 8451)
   defining Unicode char U+2116 (decimal 8470)
   defining Unicode char U+2117 (decimal 8471)
   defining Unicode char U+211E (decimal 8478)
   defining Unicode char U+2120 (decimal 8480)
   defining Unicode char U+2122 (decimal 8482)
   defining Unicode char U+2126 (decimal 8486)
   defining Unicode char U+2127 (decimal 8487)
   defining Unicode char U+212E (decimal 8494)
   defining Unicode char U+2190 (decimal 8592)
   defining Unicode char U+2191 (decimal 8593)
   defining Unicode char U+2192 (decimal 8594)
   defining Unicode char U+2193 (decimal 8595)
   defining Unicode char U+2329 (decimal 9001)
   defining Unicode char U+232A (decimal 9002)
   defining Unicode char U+2422 (decimal 9250)
   defining Unicode char U+25E6 (decimal 9702)
   defining Unicode char U+25EF (decimal 9711)
   defining Unicode char U+266A (decimal 9834)
)
Now handling font encoding PD1 ...
... no UTF-8 mapping file for font encoding PD1
   defining Unicode char U+00A9 (decimal 169)
   defining Unicode char U+00AA (decimal 170)
   defining Unicode char U+00AE (decimal 174)
   defining Unicode char U+00BA (decimal 186)
   defining Unicode char U+02C6 (decimal 710)
   defining Unicode char U+02DC (decimal 732)
   defining Unicode char U+200C (decimal 8204)
   defining Unicode char U+2026 (decimal 8230)
   defining Unicode char U+2122 (decimal 8482)
   defining Unicode char U+2423 (decimal 9251)
)
("C:\Program Files (x86)\MiKTeX 2.9\tex\latex\base\latin1.def"
File: latin1.def 2008/03/30 v1.1d Input encoding file
))
\@indexfile=\write3

Writing index file Rd2.idx
(C:\Users\Sunthud\AppData\Local\Temp\RtmpUJRbRe\Rd2pdf5fc7a257fb0\Rd2.aux)
LaTeX Font Info:    Checking defaults for OML/cmm/m/it on input line 8.
LaTeX Font Info:    ... okay on input line 8.
LaTeX Font Info:    Checking defaults for T1/cmr/m/n on input line 8.
LaTeX Font Info:    ... okay on input line 8.
LaTeX Font Info:    Checking defaults for OT1/cmr/m/n on input line 8.
LaTeX Font Info:    ... okay on input line 8.
LaTeX Font Info:    Checking defaults for OMS/cmsy/m/n on input line 8.
LaTeX Font Info:    ... okay on input line 8.
LaTeX Font Info:    Checking defaults for OMX/cmex/m/n on input line 8.
LaTeX Font Info:    ... okay on input line 8.
LaTeX Font Info:    Checking defaults for U/cmr/m/n on input line 8.
LaTeX Font Info:    ... okay on input line 8.
LaTeX Font Info:    Checking defaults for TS1/cmr/m/n on input line 8.
LaTeX Font Info:    Try loading font information for TS1+cmr on input line 8.

("C:\Program Files (x86)\MiKTeX 2.9\tex\latex\base\ts1cmr.fd"
File: ts1cmr.fd 1999/05/25 v2.5h Standard LaTeX font definitions
)
LaTeX Font Info:    ... okay on input line 8.
LaTeX Font Info:    Checking defaults for PD1/pdf/m/n on input line 8.
LaTeX Font Info:    ... okay on input line 8.
LaTeX Font Info:    Try loading font information for T1+ptm on input line 8.

("C:\Program Files (x86)\MiKTeX 2.9\tex\latex\psnfss\t1ptm.fd"
File: t1ptm.fd 2001/06/04 font definitions for T1/ptm.
)
("C:\Program Files (x86)\MiKTeX 2.9\tex\context\base\supp-pdf.mkii"
[Loading MPS to PDF converter (version 2006.09.02).]
\scratchcounter=\count104
\scratchdimen=\dimen107
\scratchbox=\box30
\nofMPsegments=\count105
\nofMParguments=\count106
\everyMPshowfont=\toks20
\MPscratchCnt=\count107
\MPscratchDim=\dimen108
\MPnumerator=\count108
\makeMPintoPDFobject=\count109
\everyMPtoPDFconversion=\toks21
)
\AtBeginShipoutBox=\box31
Package hyperref Info: Link coloring ON on input line 8.
 ("C:\Program Files (x86)\MiKTeX 2.9\tex\latex\hyperref\nameref.sty"
Package: nameref 2010/04/30 v2.40 Cross-referencing by name of section

("C:\Program Files (x86)\MiKTeX 2.9\tex\generic\oberdiek\gettitlestring.sty"
Package: gettitlestring 2010/12/03 v1.4 Cleanup title references (HO)
)
\c@section@level=\count110
)
LaTeX Info: Redefining \ref on input line 8.
LaTeX Info: Redefining \pageref on input line 8.
LaTeX Info: Redefining \nameref on input line 8.

(C:\Users\Sunthud\AppData\Local\Temp\RtmpUJRbRe\Rd2pdf5fc7a257fb0\Rd2.out)
(C:\Users\Sunthud\AppData\Local\Temp\RtmpUJRbRe\Rd2pdf5fc7a257fb0\Rd2.out)
\@outlinefile=\write4
LaTeX Font Info:    Font shape `T1/ptm/bx/n' in size <24.88> not available
(Font)              Font shape `T1/ptm/b/n' tried instead on input line 9.
LaTeX Font Info:    Font shape `T1/ptm/bx/n' in size <10> not available
(Font)              Font shape `T1/ptm/b/n' tried instead on input line 11.
LaTeX Font Info:    Font shape `T1/ptm/bx/n' in size <20.74> not available
(Font)              Font shape `T1/ptm/b/n' tried instead on input line 11.
LaTeX Font Info:    Try loading font information for T1+fi4 on input line 20.

("C:\Program Files (x86)\MiKTeX 2.9\tex\latex\inconsolata\t1fi4.fd"
File: t1fi4.fd 2009/05/28 T1/Inconsolata
)
LaTeX Font Info:    Font shape `T1/ptm/bx/n' in size <14.4> not available
(Font)              Font shape `T1/ptm/b/n' tried instead on input line 31.
LaTeX Font Info:    Try loading font information for T1+phv on input line 31.

("C:\Program Files (x86)\MiKTeX 2.9\tex\latex\psnfss\t1phv.fd"
File: t1phv.fd 2001/06/04 scalable font definitions for T1/phv.
)
(C:\Users\Sunthud\AppData\Local\Temp\RtmpUJRbRe\Rd2pdf5fc7a257fb0\Rd2.toc
LaTeX Font Info:    External font `cmex10' loaded for size
(Font)              <7> on input line 1.
LaTeX Font Info:    External font `cmex10' loaded for size
(Font)              <5> on input line 1.

[1


{C:/ProgramData/MiKTeX/2.9/pdftex/config/pdftex.map}] [2] [3] [4])
\tf@toc=\write5

("C:\Program Files (x86)\MiKTeX 2.9\tex\latex\base\utf8.def"
File: utf8.def 2008/04/05 v1.1m UTF-8 support for inputenc
)
LaTeX Font Info:    Try loading font information for TS1+ptm on input line 88.

("C:\Program Files (x86)\MiKTeX 2.9\tex\latex\psnfss\ts1ptm.fd"
File: ts1ptm.fd 2001/06/04 font definitions for TS1/ptm.
) [5]
("C:\Program Files (x86)\MiKTeX 2.9\tex\latex\base\utf8.def"
File: utf8.def 2008/04/05 v1.1m UTF-8 support for inputenc
) [6]
("C:\Program Files (x86)\MiKTeX 2.9\tex\latex\base\utf8.def"
File: utf8.def 2008/04/05 v1.1m UTF-8 support for inputenc
) [7]
("C:\Program Files (x86)\MiKTeX 2.9\tex\latex\base\utf8.def"
File: utf8.def 2008/04/05 v1.1m UTF-8 support for inputenc
) [8]
("C:\Program Files (x86)\MiKTeX 2.9\tex\latex\base\utf8.def"
File: utf8.def 2008/04/05 v1.1m UTF-8 support for inputenc
)
Overfull \hbox (7.13713pt too wide) in paragraph at lines 293--294
[]\T1/ptm/m/n/10 Check the value ar-gu-ment in the ma-trix, sym-met-ric ma-trix
, or vec-tor ob-jects con-struc-tors (\T1/fi4/m/n/10 simMatrix\T1/ptm/m/n/10 ,
 []

("C:\Program Files (x86)\MiKTeX 2.9\tex\latex\base\utf8.def"
File: utf8.def 2008/04/05 v1.1m UTF-8 support for inputenc
) [9]
("C:\Program Files (x86)\MiKTeX 2.9\tex\latex\base\utf8.def"
File: utf8.def 2008/04/05 v1.1m UTF-8 support for inputenc
) [10]
("C:\Program Files (x86)\MiKTeX 2.9\tex\latex\base\utf8.def"
File: utf8.def 2008/04/05 v1.1m UTF-8 support for inputenc
)
("C:\Program Files (x86)\MiKTeX 2.9\tex\latex\base\utf8.def"
File: utf8.def 2008/04/05 v1.1m UTF-8 support for inputenc
) [11]
("C:\Program Files (x86)\MiKTeX 2.9\tex\latex\base\utf8.def"
File: utf8.def 2008/04/05 v1.1m UTF-8 support for inputenc
) [12]
("C:\Program Files (x86)\MiKTeX 2.9\tex\latex\base\utf8.def"
File: utf8.def 2008/04/05 v1.1m UTF-8 support for inputenc
)
Overfull \hbox (20.88719pt too wide) in paragraph at lines 565--566
[]\T1/ptm/m/n/10 This func-tion will com-bine two [][]\T1/fi4/m/n/10 SimMatrix[
][][]
 []


Overfull \hbox (16.6472pt too wide) in paragraph at lines 568--569
[]\T1/ptm/m/n/10 This func-tion will com-bine two [][]\T1/fi4/m/n/10 SimVector[
][][]
 []

[13] ("C:\Program Files (x86)\MiKTeX 2.9\tex\latex\base\utf8.def"
File: utf8.def 2008/04/05 v1.1m UTF-8 support for inputenc
)
("C:\Program Files (x86)\MiKTeX 2.9\tex\latex\base\utf8.def"
File: utf8.def 2008/04/05 v1.1m UTF-8 support for inputenc
) [14]
("C:\Program Files (x86)\MiKTeX 2.9\tex\latex\base\utf8.def"
File: utf8.def 2008/04/05 v1.1m UTF-8 support for inputenc
)
Overfull \hbox (5.2467pt too wide) in paragraph at lines 712--713
[]\T1/ptm/m/n/10 This func-tion will im-pose con-
 []

[15] ("C:\Program Files (x86)\MiKTeX 2.9\tex\latex\base\utf8.def"
File: utf8.def 2008/04/05 v1.1m UTF-8 support for inputenc
)
Overfull \hbox (229.78088pt too wide) in paragraph at lines 736--736
 []\T1/fi4/m/n/10 continuousPower(simResult, contN = TRUE, contMCAR = FALSE, co
ntMAR = FALSE, contParam = NULL, alpha = .05, powerParam = NULL)[] 
 []

[16]
Overfull \hbox (0.78088pt too wide) in paragraph at lines 806--806
 []\T1/fi4/m/n/9 Output <- simResult(NULL, SimData, SimModel, n=seq(100, 200, 2
0), pmMCAR=c(0, 0.1, 0.2))[] 
 []

("C:\Program Files (x86)\MiKTeX 2.9\tex\latex\base\utf8.def"
File: utf8.def 2008/04/05 v1.1m UTF-8 support for inputenc
) [17]
("C:\Program Files (x86)\MiKTeX 2.9\tex\latex\base\utf8.def"
File: utf8.def 2008/04/05 v1.1m UTF-8 support for inputenc
) [18]
("C:\Program Files (x86)\MiKTeX 2.9\tex\latex\base\utf8.def"
File: utf8.def 2008/04/05 v1.1m UTF-8 support for inputenc
)
("C:\Program Files (x86)\MiKTeX 2.9\tex\latex\base\utf8.def"
File: utf8.def 2008/04/05 v1.1m UTF-8 support for inputenc
) [19]
("C:\Program Files (x86)\MiKTeX 2.9\tex\latex\base\utf8.def"
File: utf8.def 2008/04/05 v1.1m UTF-8 support for inputenc
) [20]
("C:\Program Files (x86)\MiKTeX 2.9\tex\latex\base\utf8.def"
File: utf8.def 2008/04/05 v1.1m UTF-8 support for inputenc
) [21]
("C:\Program Files (x86)\MiKTeX 2.9\tex\latex\base\utf8.def"
File: utf8.def 2008/04/05 v1.1m UTF-8 support for inputenc
)
("C:\Program Files (x86)\MiKTeX 2.9\tex\latex\base\utf8.def"
File: utf8.def 2008/04/05 v1.1m UTF-8 support for inputenc
) [22]
Overfull \hbox (28.25673pt too wide) in paragraph at lines 1194--1195
[]\T1/ptm/m/n/10 Divide all ma-tri-ces and vec-tors in the [][]\T1/fi4/m/n/10 M
atrixSet[][][] 
 []

("C:\Program Files (x86)\MiKTeX 2.9\tex\latex\base\utf8.def"
File: utf8.def 2008/04/05 v1.1m UTF-8 support for inputenc
) [23]
("C:\Program Files (x86)\MiKTeX 2.9\tex\latex\base\utf8.def"
File: utf8.def 2008/04/05 v1.1m UTF-8 support for inputenc
)
Overfull \hbox (184.78088pt too wide) in paragraph at lines 1252--1252
 []\T1/fi4/m/n/10 drawParametersMisspec(objSet, objMisspec = new("NullSimMisspe
c"), objEqualCon = new("NullSimEqualCon"), maxDraw=100)[] 
 []

[24] ("C:\Program Files (x86)\MiKTeX 2.9\tex\latex\base\utf8.def"
File: utf8.def 2008/04/05 v1.1m UTF-8 support for inputenc
)
("C:\Program Files (x86)\MiKTeX 2.9\tex\latex\base\utf8.def"
File: utf8.def 2008/04/05 v1.1m UTF-8 support for inputenc
) [25]
("C:\Program Files (x86)\MiKTeX 2.9\tex\latex\base\utf8.def"
File: utf8.def 2008/04/05 v1.1m UTF-8 support for inputenc
) [26]
("C:\Program Files (x86)\MiKTeX 2.9\tex\latex\base\utf8.def"
File: utf8.def 2008/04/05 v1.1m UTF-8 support for inputenc
) [27]
("C:\Program Files (x86)\MiKTeX 2.9\tex\latex\base\utf8.def"
File: utf8.def 2008/04/05 v1.1m UTF-8 support for inputenc
)
("C:\Program Files (x86)\MiKTeX 2.9\tex\latex\base\utf8.def"
File: utf8.def 2008/04/05 v1.1m UTF-8 support for inputenc
) [28]
("C:\Program Files (x86)\MiKTeX 2.9\tex\latex\base\utf8.def"
File: utf8.def 2008/04/05 v1.1m UTF-8 support for inputenc
)
("C:\Program Files (x86)\MiKTeX 2.9\tex\latex\base\utf8.def"
File: utf8.def 2008/04/05 v1.1m UTF-8 support for inputenc
) [29]
("C:\Program Files (x86)\MiKTeX 2.9\tex\latex\base\utf8.def"
File: utf8.def 2008/04/05 v1.1m UTF-8 support for inputenc
) [30]
("C:\Program Files (x86)\MiKTeX 2.9\tex\latex\base\utf8.def"
File: utf8.def 2008/04/05 v1.1m UTF-8 support for inputenc
) [31] [32]
("C:\Program Files (x86)\MiKTeX 2.9\tex\latex\base\utf8.def"
File: utf8.def 2008/04/05 v1.1m UTF-8 support for inputenc
)
Overfull \hbox (29.78088pt too wide) in paragraph at lines 1776--1776
 []\T1/fi4/m/n/10 findFactorTotalCov(beta, psi=NULL, corPsi=NULL, totalVarPsi =
 NULL, errorVarPsi=NULL)[] 
 []

[33] ("C:\Program Files (x86)\MiKTeX 2.9\tex\latex\base\utf8.def"
File: utf8.def 2008/04/05 v1.1m UTF-8 support for inputenc
) [34]
("C:\Program Files (x86)\MiKTeX 2.9\tex\latex\base\utf8.def"
File: utf8.def 2008/04/05 v1.1m UTF-8 support for inputenc
) [35]
("C:\Program Files (x86)\MiKTeX 2.9\tex\latex\base\utf8.def"
File: utf8.def 2008/04/05 v1.1m UTF-8 support for inputenc
) [36]
("C:\Program Files (x86)\MiKTeX 2.9\tex\latex\base\utf8.def"
File: utf8.def 2008/04/05 v1.1m UTF-8 support for inputenc
) [37]
("C:\Program Files (x86)\MiKTeX 2.9\tex\latex\base\utf8.def"
File: utf8.def 2008/04/05 v1.1m UTF-8 support for inputenc
) [38]
("C:\Program Files (x86)\MiKTeX 2.9\tex\latex\base\utf8.def"
File: utf8.def 2008/04/05 v1.1m UTF-8 support for inputenc
) [39]
("C:\Program Files (x86)\MiKTeX 2.9\tex\latex\base\utf8.def"
File: utf8.def 2008/04/05 v1.1m UTF-8 support for inputenc
)
("C:\Program Files (x86)\MiKTeX 2.9\tex\latex\base\utf8.def"
File: utf8.def 2008/04/05 v1.1m UTF-8 support for inputenc
) [40]
("C:\Program Files (x86)\MiKTeX 2.9\tex\latex\base\utf8.def"
File: utf8.def 2008/04/05 v1.1m UTF-8 support for inputenc
) [41]
("C:\Program Files (x86)\MiKTeX 2.9\tex\latex\base\utf8.def"
File: utf8.def 2008/04/05 v1.1m UTF-8 support for inputenc
)
("C:\Program Files (x86)\MiKTeX 2.9\tex\latex\base\utf8.def"
File: utf8.def 2008/04/05 v1.1m UTF-8 support for inputenc
) [42] [43]
("C:\Program Files (x86)\MiKTeX 2.9\tex\latex\base\utf8.def"
File: utf8.def 2008/04/05 v1.1m UTF-8 support for inputenc
) [44]
("C:\Program Files (x86)\MiKTeX 2.9\tex\latex\base\utf8.def"
File: utf8.def 2008/04/05 v1.1m UTF-8 support for inputenc
)
Overfull \hbox (15.01047pt too wide) in paragraph at lines 2534--2535
\T1/ptm/m/n/10 ject can be \T1/fi4/m/n/10 linkS4class{SimModelOut}\T1/ptm/m/n/1
0 , \T1/fi4/m/n/10 linkS4class{SimDataOut}\T1/ptm/m/n/10 , or \T1/fi4/m/n/10 li
nkS4class{SimResult}\T1/ptm/m/n/10 . 
 []


Overfull \hbox (1.49042pt too wide) in paragraph at lines 2546--2547
\T1/ptm/m/n/10 from, which can be \T1/fi4/m/n/10 linkS4class{SimModelOut}\T1/pt
m/m/n/10 , \T1/fi4/m/n/10 linkS4class{SimDataOut}\T1/ptm/m/n/10 ,
 []

[45] ("C:\Program Files (x86)\MiKTeX 2.9\tex\latex\base\utf8.def"
File: utf8.def 2008/04/05 v1.1m UTF-8 support for inputenc
) [46]
("C:\Program Files (x86)\MiKTeX 2.9\tex\latex\base\utf8.def"
File: utf8.def 2008/04/05 v1.1m UTF-8 support for inputenc
) [47] [48]
Overfull \hbox (86.28088pt too wide) in paragraph at lines 2812--2812
 []  \T1/fi4/m/n/9 imposeMissing(data,nforms=3,itemGroups=list(c(1,2,3,4,5),c(6
,7,8,9,10),c(11,12,13,14,15),c(16,17,18,19)))[] 
 []

("C:\Program Files (x86)\MiKTeX 2.9\tex\latex\base\utf8.def"
File: utf8.def 2008/04/05 v1.1m UTF-8 support for inputenc
) [49]
Overfull \hbox (139.78088pt too wide) in paragraph at lines 2828--2828
 []\T1/fi4/m/n/10 indProd(data, var1, var2, match = TRUE, meanC = TRUE, residua
lC = FALSE, doubleMC = TRUE, namesProd = NULL)[] 
 []

[50] ("C:\Program Files (x86)\MiKTeX 2.9\tex\latex\base\utf8.def"
File: utf8.def 2008/04/05 v1.1m UTF-8 support for inputenc
)
("C:\Program Files (x86)\MiKTeX 2.9\tex\latex\base\utf8.def"
File: utf8.def 2008/04/05 v1.1m UTF-8 support for inputenc
) [51]
("C:\Program Files (x86)\MiKTeX 2.9\tex\latex\base\utf8.def"
File: utf8.def 2008/04/05 v1.1m UTF-8 support for inputenc
)
("C:\Program Files (x86)\MiKTeX 2.9\tex\latex\base\utf8.def"
File: utf8.def 2008/04/05 v1.1m UTF-8 support for inputenc
) [52]
("C:\Program Files (x86)\MiKTeX 2.9\tex\latex\base\utf8.def"
File: utf8.def 2008/04/05 v1.1m UTF-8 support for inputenc
) [53]
("C:\Program Files (x86)\MiKTeX 2.9\tex\latex\base\utf8.def"
File: utf8.def 2008/04/05 v1.1m UTF-8 support for inputenc
) [54]
("C:\Program Files (x86)\MiKTeX 2.9\tex\latex\base\utf8.def"
File: utf8.def 2008/04/05 v1.1m UTF-8 support for inputenc
) [55]
("C:\Program Files (x86)\MiKTeX 2.9\tex\latex\base\utf8.def"
File: utf8.def 2008/04/05 v1.1m UTF-8 support for inputenc
)
("C:\Program Files (x86)\MiKTeX 2.9\tex\latex\base\utf8.def"
File: utf8.def 2008/04/05 v1.1m UTF-8 support for inputenc
) [56]
("C:\Program Files (x86)\MiKTeX 2.9\tex\latex\base\utf8.def"
File: utf8.def 2008/04/05 v1.1m UTF-8 support for inputenc
) [57]
("C:\Program Files (x86)\MiKTeX 2.9\tex\latex\base\utf8.def"
File: utf8.def 2008/04/05 v1.1m UTF-8 support for inputenc
) [58]
("C:\Program Files (x86)\MiKTeX 2.9\tex\latex\base\utf8.def"
File: utf8.def 2008/04/05 v1.1m UTF-8 support for inputenc
) [59]
("C:\Program Files (x86)\MiKTeX 2.9\tex\latex\base\utf8.def"
File: utf8.def 2008/04/05 v1.1m UTF-8 support for inputenc
) [60]
Overfull \hbox (25.73807pt too wide) in paragraph at lines 3540--3543
\T1/ptm/m/n/10 sity of Kansas; \T1/fi4/m/n/10 <mijke@ku.edu>\T1/ptm/m/n/10 ) Su
n-thud Porn-prasert-manit (Uni-ver-sity of Kansas; \T1/fi4/m/n/10 <psunthud@ku.
edu>\T1/ptm/m/n/10 ) 
 []

("C:\Program Files (x86)\MiKTeX 2.9\tex\latex\base\utf8.def"
File: utf8.def 2008/04/05 v1.1m UTF-8 support for inputenc
) [61]
Overfull \hbox (10.35016pt too wide) in paragraph at lines 3599--3600
\T1/fi4/m/n/10 CombiningLikelihoodRatioChi-[]SquareStatisticsFromaMIAnalysis . 
sas$[][]\T1/ptm/m/n/10 . Sun-thud Porn-prasert-
 []


Overfull \hbox (32.28088pt too wide) in paragraph at lines 3618--3618
 []\T1/fi4/m/n/9 miPoolChi(c(89.864, 81.116, 71.500, 49.022, 61.986, 64.422, 55
.256, 57.890, 79.416, 63.944), 2)[] 
 []

("C:\Program Files (x86)\MiKTeX 2.9\tex\latex\base\utf8.def"
File: utf8.def 2008/04/05 v1.1m UTF-8 support for inputenc
) [62] [63]
("C:\Program Files (x86)\MiKTeX 2.9\tex\latex\base\utf8.def"
File: utf8.def 2008/04/05 v1.1m UTF-8 support for inputenc
)
("C:\Program Files (x86)\MiKTeX 2.9\tex\latex\base\utf8.def"
File: utf8.def 2008/04/05 v1.1m UTF-8 support for inputenc
) [64]
Overfull \hbox (161.0796pt too wide) in paragraph at lines 3800--3801
[]\T1/ptm/m/n/10 Chris Miller pro-vided this code on [][]$\T1/fi4/m/n/10 http :
 / / chrisamiller . com / science / 2010 / 07 / 20 / transparent-[]overlapping-
[]histograms-[]in-[]r/$[][]\T1/ptm/m/n/10 .
 []

("C:\Program Files (x86)\MiKTeX 2.9\tex\latex\base\utf8.def"
File: utf8.def 2008/04/05 v1.1m UTF-8 support for inputenc
) [65]
("C:\Program Files (x86)\MiKTeX 2.9\tex\latex\base\utf8.def"
File: utf8.def 2008/04/05 v1.1m UTF-8 support for inputenc
) [66]
("C:\Program Files (x86)\MiKTeX 2.9\tex\latex\base\utf8.def"
File: utf8.def 2008/04/05 v1.1m UTF-8 support for inputenc
) [67] [68]
Overfull \hbox (32.28088pt too wide) in paragraph at lines 4022--4022
 []\T1/fi4/m/n/9 Output3 <- simResult(NULL, SimData, SimModel, n=seq(50, 100, 1
0), pmMCAR=c(0, 0.05, 0.1, 0.15))[] 
 []

("C:\Program Files (x86)\MiKTeX 2.9\tex\latex\base\utf8.def"
File: utf8.def 2008/04/05 v1.1m UTF-8 support for inputenc
) [69]
("C:\Program Files (x86)\MiKTeX 2.9\tex\latex\base\utf8.def"
File: utf8.def 2008/04/05 v1.1m UTF-8 support for inputenc
) [70]
Overfull \hbox (32.28088pt too wide) in paragraph at lines 4140--4140
 []\T1/fi4/m/n/9 Path.Mis.Model <- simMisspecPath(BE = mis.BE, misfitType="rmse
a") #, misfitBound=c(0.05, 0.08))[] 
 []

("C:\Program Files (x86)\MiKTeX 2.9\tex\latex\base\utf8.def"
File: utf8.def 2008/04/05 v1.1m UTF-8 support for inputenc
) [71]
Overfull \hbox (0.78088pt too wide) in paragraph at lines 4238--4238
 []\T1/fi4/m/n/9 plotPower(Output.ALT, Output.NULL, alpha=0.05, usedFit=c("RMSE
A", "CFI", "TLI", "SRMR"))[] 
 []

("C:\Program Files (x86)\MiKTeX 2.9\tex\latex\base\utf8.def"
File: utf8.def 2008/04/05 v1.1m UTF-8 support for inputenc
) [72]
("C:\Program Files (x86)\MiKTeX 2.9\tex\latex\base\utf8.def"
File: utf8.def 2008/04/05 v1.1m UTF-8 support for inputenc
) [73]
("C:\Program Files (x86)\MiKTeX 2.9\tex\latex\base\utf8.def"
File: utf8.def 2008/04/05 v1.1m UTF-8 support for inputenc
)
Overfull \hbox (32.01903pt too wide) in paragraph at lines 4378--4379
[]\T1/ptm/m/n/10 The type of pop-u-la-tion mis-fit mea-sures: \T1/fi4/m/n/10 "F
0"\T1/ptm/m/n/10 , \T1/fi4/m/n/10 "rmsea"\T1/ptm/m/n/10 , or \T1/fi4/m/n/10 "sr
mr"\T1/ptm/m/n/10 . See [][]\T1/fi4/m/n/10 popMisfitMACS[][][]
 []

[74]
Overfull \hbox (32.28088pt too wide) in paragraph at lines 4442--4442
 []\T1/fi4/m/n/9 Path.Mis.Model <- simMisspecPath(BE = mis.BE, misfitType="rmse
a") #, misfitBound=c(0.05, 0.08))[] 
 []

("C:\Program Files (x86)\MiKTeX 2.9\tex\latex\base\utf8.def"
File: utf8.def 2008/04/05 v1.1m UTF-8 support for inputenc
)
Overfull \hbox (29.78088pt too wide) in paragraph at lines 4456--4456
 []\T1/fi4/m/n/10 popMisfitMACS(paramM, paramCM, misspecM, misspecCM, dfParam=N
ULL, fit.measures="all")[] 
 []

[75]
Overfull \hbox (37.7943pt too wide) in paragraph at lines 4488--4489
[]\T1/ptm/m/n/10 where $\OML/cmm/m/it/10 F[]$ \T1/ptm/m/n/10 is the dis-crep-an
cy value be-tween two means vec-tors and co-vari-ance ma-tri-ces (see [][]\T1/f
i4/m/n/10 popDiscrepancy[][][]\T1/ptm/m/n/10 )
 []

("C:\Program Files (x86)\MiKTeX 2.9\tex\latex\base\utf8.def"
File: utf8.def 2008/04/05 v1.1m UTF-8 support for inputenc
) [76]
Overfull \hbox (84.67953pt too wide) in paragraph at lines 4534--4535
[]\T1/ptm/m/n/10 The tar-get ob-ject to be printed, which can be \T1/fi4/m/n/10
 linkS4class{SimMatrix}\T1/ptm/m/n/10 , \T1/fi4/m/n/10 linkS4class{SymMatrix}\T
1/ptm/m/n/10 ,
 []

("C:\Program Files (x86)\MiKTeX 2.9\tex\latex\base\utf8.def"
File: utf8.def 2008/04/05 v1.1m UTF-8 support for inputenc
) [77]
Overfull \hbox (17.96799pt too wide) in paragraph at lines 4602--4603
[]\T1/ptm/m/it/10 asLogical: \T1/ptm/m/n/10 Model \T1/ptm/m/it/10 mis-spec-i-fi
-ca-tion \T1/ptm/m/n/10 ma-tri-ces that are cre-ated by [][]\T1/fi4/m/n/10 simM
isspecCFA[][][]\T1/ptm/m/n/10 , [][]\T1/fi4/m/n/10 simMisspecPath[][][]\T1/ptm/
m/n/10 ,
 []

[78] ("C:\Program Files (x86)\MiKTeX 2.9\tex\latex\base\utf8.def"
File: utf8.def 2008/04/05 v1.1m UTF-8 support for inputenc
)
("C:\Program Files (x86)\MiKTeX 2.9\tex\latex\base\utf8.def"
File: utf8.def 2008/04/05 v1.1m UTF-8 support for inputenc
) [79]
("C:\Program Files (x86)\MiKTeX 2.9\tex\latex\base\utf8.def"
File: utf8.def 2008/04/05 v1.1m UTF-8 support for inputenc
)
("C:\Program Files (x86)\MiKTeX 2.9\tex\latex\base\utf8.def"
File: utf8.def 2008/04/05 v1.1m UTF-8 support for inputenc
) [80]
("C:\Program Files (x86)\MiKTeX 2.9\tex\latex\base\utf8.def"
File: utf8.def 2008/04/05 v1.1m UTF-8 support for inputenc
) [81] [82]
("C:\Program Files (x86)\MiKTeX 2.9\tex\latex\base\utf8.def"
File: utf8.def 2008/04/05 v1.1m UTF-8 support for inputenc
)
Overfull \hbox (27.75847pt too wide) in paragraph at lines 4945--4946
[]\T1/ptm/m/n/10 Model \T1/ptm/m/it/10 mis-spec-i-fi-ca-tion \T1/ptm/m/n/10 ma-
tri-ces that are cre-ated by [][]\T1/fi4/m/n/10 simMisspecCFA[][][]\T1/ptm/m/n/
10 , [][]\T1/fi4/m/n/10 simMisspecPath[][][]\T1/ptm/m/n/10 ,
 []


Overfull \hbox (0.96834pt too wide) in paragraph at lines 4957--4958
[]\T1/ptm/m/n/10 A [][]\T1/fi4/m/n/10 SimDataDist[][][] \T1/ptm/m/n/10 for a di
s-tri-bu-tion of mea-sure-ment er-rors. Use when \T1/fi4/m/n/10 sequential
 []

[83] [84] ("C:\Program Files (x86)\MiKTeX 2.9\tex\latex\base\utf8.def"
File: utf8.def 2008/04/05 v1.1m UTF-8 support for inputenc
)
[85] ("C:\Program Files (x86)\MiKTeX 2.9\tex\latex\base\utf8.def"
File: utf8.def 2008/04/05 v1.1m UTF-8 support for inputenc
) [86]
[87] ("C:\Program Files (x86)\MiKTeX 2.9\tex\latex\base\utf8.def"
File: utf8.def 2008/04/05 v1.1m UTF-8 support for inputenc
)
Overfull \hbox (91.78088pt too wide) in paragraph at lines 5242--5243
[]\T1/fi4/m/n/10 SimMisspec@misBeforeFill=TRUE & SimMisspec@conBeforeMis=TRUE &
 SimEqualCon@conBeforeFill=TRUE
 []


Overfull \hbox (96.78088pt too wide) in paragraph at lines 5243--5244
[]\T1/fi4/m/n/10 SimMisspec@misBeforeFill=FALSE & SimMisspec@conBeforeMis=TRUE 
& SimEqualCon@conBeforeFill=TRUE
 []


Overfull \hbox (101.78088pt too wide) in paragraph at lines 5244--5245
[]\T1/fi4/m/n/10 SimMisspec@misBeforeFill=FALSE & SimMisspec@conBeforeMis=TRUE 
& SimEqualCon@conBeforeFill=FALSE
 []


Overfull \hbox (106.78088pt too wide) in paragraph at lines 5245--5246
[]\T1/fi4/m/n/10 SimMisspec@misBeforeFill=FALSE & SimMisspec@conBeforeMis=FALSE
 & SimEqualCon@conBeforeFill=FALSE
 []


Overfull \hbox (8.27637pt too wide) in paragraph at lines 5245--5246
\T1/ptm/m/n/10 The auto-completeion is ap-plied first, then the mis-spec-i-fi-c
a-tion is added with ad-just-ing paramters
 []

[88]
Overfull \hbox (96.78088pt too wide) in paragraph at lines 5246--5247
[]\T1/fi4/m/n/10 SimMisspec@misBeforeFill=TRUE & SimMisspec@conBeforeMis=FALSE 
& SimEqualCon@conBeforeFill=TRUE
 []


Overfull \hbox (101.78088pt too wide) in paragraph at lines 5247--5248
[]\T1/fi4/m/n/10 SimMisspec@misBeforeFill=TRUE & SimMisspec@conBeforeMis=FALSE 
& SimEqualCon@conBeforeFill=FALSE
 []

("C:\Program Files (x86)\MiKTeX 2.9\tex\latex\base\utf8.def"
File: utf8.def 2008/04/05 v1.1m UTF-8 support for inputenc
)
Overfull \hbox (189.78088pt too wide) in paragraph at lines 5276--5276
 []\T1/fi4/m/n/10 runRep(object, objData, objModel, objMissing=new("NullSimMiss
ing"), objFunction=new("NullSimFunction"), silent=FALSE)[] 
 []

[89] ("C:\Program Files (x86)\MiKTeX 2.9\tex\latex\base\utf8.def"
File: utf8.def 2008/04/05 v1.1m UTF-8 support for inputenc
) [90]
Overfull \hbox (23.42723pt too wide) in paragraph at lines 5373--5374
[]\T1/ptm/m/n/10 This func-tion will put all fixed val-ues in [][]\T1/fi4/m/n/1
0 SimParam[][][]
 []

("C:\Program Files (x86)\MiKTeX 2.9\tex\latex\base\utf8.def"
File: utf8.def 2008/04/05 v1.1m UTF-8 support for inputenc
)
Overfull \hbox (25.19049pt too wide) in paragraph at lines 5410--5411
\T1/fi4/m/n/10 target \T1/ptm/m/n/10 ar-gu-ment can be \T1/fi4/m/n/10 linkS4cla
ss{SimModelOut} \T1/ptm/m/n/10 or \T1/fi4/m/n/10 linkS4class{SimResult}\T1/ptm/
m/n/10 . 
 []

[91] ("C:\Program Files (x86)\MiKTeX 2.9\tex\latex\base\utf8.def"
File: utf8.def 2008/04/05 v1.1m UTF-8 support for inputenc
)
("C:\Program Files (x86)\MiKTeX 2.9\tex\latex\base\utf8.def"
File: utf8.def 2008/04/05 v1.1m UTF-8 support for inputenc
) [92]
("C:\Program Files (x86)\MiKTeX 2.9\tex\latex\base\utf8.def"
File: utf8.def 2008/04/05 v1.1m UTF-8 support for inputenc
) [93]
("C:\Program Files (x86)\MiKTeX 2.9\tex\latex\base\utf8.def"
File: utf8.def 2008/04/05 v1.1m UTF-8 support for inputenc
) [94]
("C:\Program Files (x86)\MiKTeX 2.9\tex\latex\base\utf8.def"
File: utf8.def 2008/04/05 v1.1m UTF-8 support for inputenc
)
Overfull \hbox (10.27795pt too wide) in paragraph at lines 5687--5688
[]\T1/ptm/m/it/10 misspec: \T1/ptm/m/n/10 Model \T1/ptm/m/it/10 mis-spec-i-fi-c
a-tion \T1/ptm/m/n/10 ma-tri-ces that are cre-ated by [][]\T1/fi4/m/n/10 simMis
specCFA[][][]\T1/ptm/m/n/10 , [][]\T1/fi4/m/n/10 simMisspecPath[][][]\T1/ptm/m/
n/10 ,
 []

[95] [96] ("C:\Program Files (x86)\MiKTeX 2.9\tex\latex\base\utf8.def"
File: utf8.def 2008/04/05 v1.1m UTF-8 support for inputenc
)
[97] ("C:\Program Files (x86)\MiKTeX 2.9\tex\latex\base\utf8.def"
File: utf8.def 2008/04/05 v1.1m UTF-8 support for inputenc
) [98]
("C:\Program Files (x86)\MiKTeX 2.9\tex\latex\base\utf8.def"
File: utf8.def 2008/04/05 v1.1m UTF-8 support for inputenc
)
Overfull \hbox (55.86832pt too wide) in paragraph at lines 5929--5930
[]\T1/ptm/m/n/10 Objects can be cre-ated by [][]\T1/fi4/m/n/10 simDataDist[][][
] \T1/ptm/m/n/10 func-tion. It can also be called from the form \T1/fi4/m/n/10 
new("SimDataDist", ...)\T1/ptm/m/n/10 . 
 []

[99] ("C:\Program Files (x86)\MiKTeX 2.9\tex\latex\base\utf8.def"
File: utf8.def 2008/04/05 v1.1m UTF-8 support for inputenc
) [100]
Overfull \hbox (2.19832pt too wide) in paragraph at lines 6024--6025
[][][]\T1/fi4/m/n/10 getPopulation[][][] \T1/ptm/m/n/10 to ex-tract the data ge
n-er-a-tion pop-u-la-tion. The ad-di-tional ar-gu-ment is \T1/fi4/m/n/10 misspe
c\T1/ptm/m/n/10 .
 []

[101] ("C:\Program Files (x86)\MiKTeX 2.9\tex\latex\base\utf8.def"
File: utf8.def 2008/04/05 v1.1m UTF-8 support for inputenc
)
Overfull \hbox (8.46712pt too wide) in paragraph at lines 6090--6091
[]\T1/fi4/m/n/10 TRUE \T1/ptm/m/n/10 if users wish to ap-ply equal-ity con-stra
int be-fore ap-ply-ing the auto-completion
 []

[102] [103] ("C:\Program Files (x86)\MiKTeX 2.9\tex\latex\base\utf8.def"
File: utf8.def 2008/04/05 v1.1m UTF-8 support for inputenc
)
Overfull \hbox (14.37872pt too wide) in paragraph at lines 6175--6176
[]\T1/ptm/m/n/10 Objects can be cre-ated by [][]\T1/fi4/m/n/10 simEqualCon[][][
]\T1/ptm/m/n/10 . Also, it can be called of the form \T1/fi4/m/n/10 new("SimEqu
alCon", ...)\T1/ptm/m/n/10 . 
 []


Overfull \hbox (4.52708pt too wide) in paragraph at lines 6183--6184
[]\T1/fi4/m/n/10 TRUE \T1/ptm/m/n/10 if users wish to ap-ply equal-ity con-stra
int be-fore ap-ply-ing the auto-completion
 []

[104] ("C:\Program Files (x86)\MiKTeX 2.9\tex\latex\base\utf8.def"
File: utf8.def 2008/04/05 v1.1m UTF-8 support for inputenc
)
("C:\Program Files (x86)\MiKTeX 2.9\tex\latex\base\utf8.def"
File: utf8.def 2008/04/05 v1.1m UTF-8 support for inputenc
) [105]
("C:\Program Files (x86)\MiKTeX 2.9\tex\latex\base\utf8.def"
File: utf8.def 2008/04/05 v1.1m UTF-8 support for inputenc
) [106] [107]
Overfull \hbox (162.78088pt too wide) in paragraph at lines 6429--6429
 []\T1/fi4/m/n/9 fun <- simFunction(indProd, var1=paste("y", 1:3, sep=""), var2
=paste("y", 4:6, sep=""), namesProd=paste("y", 10:12, sep=""))[] 
 []

("C:\Program Files (x86)\MiKTeX 2.9\tex\latex\base\utf8.def"
File: utf8.def 2008/04/05 v1.1m UTF-8 support for inputenc
)
Overfull \hbox (20.63861pt too wide) in paragraph at lines 6447--6448
[]\T1/ptm/m/n/10 Objects can be cre-ated by [][]\T1/fi4/m/n/10 simFunction[][][
]\T1/ptm/m/n/10 . It can also be called from the form \T1/fi4/m/n/10 new("SimFu
nction", ...)\T1/ptm/m/n/10 . 
 []

[108] [109]
Overfull \hbox (162.78088pt too wide) in paragraph at lines 6544--6544
 []\T1/fi4/m/n/9 fun <- simFunction(indProd, var1=paste("y", 1:3, sep=""), var2
=paste("y", 4:6, sep=""), namesProd=paste("y", 10:12, sep=""))[] 
 []

("C:\Program Files (x86)\MiKTeX 2.9\tex\latex\base\utf8.def"
File: utf8.def 2008/04/05 v1.1m UTF-8 support for inputenc
)
("C:\Program Files (x86)\MiKTeX 2.9\tex\latex\base\utf8.def"
File: utf8.def 2008/04/05 v1.1m UTF-8 support for inputenc
) [110]
Overfull \hbox (66.31819pt too wide) in paragraph at lines 6616--6617
[]\T1/ptm/m/n/10 Object can be cre-ated by [][]\T1/fi4/m/n/10 makeLabels[][][]\
T1/ptm/m/n/10 , Ob-jects can be also cre-ated by calls of the form \T1/fi4/m/n/
10 new("SimGenLabels", ...)\T1/ptm/m/n/10 . 
 []

[111] ("C:\Program Files (x86)\MiKTeX 2.9\tex\latex\base\utf8.def"
File: utf8.def 2008/04/05 v1.1m UTF-8 support for inputenc
)
("C:\Program Files (x86)\MiKTeX 2.9\tex\latex\base\utf8.def"
File: utf8.def 2008/04/05 v1.1m UTF-8 support for inputenc
) [112]
("C:\Program Files (x86)\MiKTeX 2.9\tex\latex\base\utf8.def"
File: utf8.def 2008/04/05 v1.1m UTF-8 support for inputenc
) [113]
("C:\Program Files (x86)\MiKTeX 2.9\tex\latex\base\utf8.def"
File: utf8.def 2008/04/05 v1.1m UTF-8 support for inputenc
) [114]
("C:\Program Files (x86)\MiKTeX 2.9\tex\latex\base\utf8.def"
File: utf8.def 2008/04/05 v1.1m UTF-8 support for inputenc
) [115]
("C:\Program Files (x86)\MiKTeX 2.9\tex\latex\base\utf8.def"
File: utf8.def 2008/04/05 v1.1m UTF-8 support for inputenc
) [116]
("C:\Program Files (x86)\MiKTeX 2.9\tex\latex\base\utf8.def"
File: utf8.def 2008/04/05 v1.1m UTF-8 support for inputenc
)
Overfull \hbox (519.78088pt too wide) in paragraph at lines 7047--7047
 []\T1/fi4/m/n/10 simMissing(cov=0, pmMCAR=0, pmMAR=0, nforms=0, itemGroups=lis
t(0), timePoints=1, twoMethod=0, prAttr=0, numImps=0, ignoreCols=0, threshold=0
, covAsAux=TRUE, logical=new("NullMatrix"))[] 
 []

[117]
Overfull \hbox (24.38837pt too wide) in paragraph at lines 7080--7083
\T1/ptm/m/n/10 of Kansas; \T1/fi4/m/n/10 <patr1ckm@ku.edu>\T1/ptm/m/n/10 ) Sun-
thud Porn-prasert-manit (Uni-ver-sity of Kansas; \T1/fi4/m/n/10 <psunthud@ku.ed
u>\T1/ptm/m/n/10 ) 
 []


Overfull \hbox (0.78088pt too wide) in paragraph at lines 7097--7097
 []\T1/fi4/m/n/9 #Example of imposing 10% MCAR missing in all variables with no
 imputations (FIML method)[] 
 []

[118]
Overfull \hbox (14.28088pt too wide) in paragraph at lines 7120--7120
 []\T1/fi4/m/n/9 #Example to create simMissing object for 3 forms design at 3 t
imepoints with 10 imputations[] 
 []

("C:\Program Files (x86)\MiKTeX 2.9\tex\latex\base\utf8.def"
File: utf8.def 2008/04/05 v1.1m UTF-8 support for inputenc
)
Overfull \hbox (45.86832pt too wide) in paragraph at lines 7136--7137
[]\T1/ptm/m/n/10 Objects can be cre-ated by \T1/fi4/m/n/10 simMissing \T1/ptm/m
/n/10 func-tion. It can also be called from the form \T1/fi4/m/n/10 new("SimMis
sing", ...)\T1/ptm/m/n/10 . 
 []

[119] ("C:\Program Files (x86)\MiKTeX 2.9\tex\latex\base\utf8.def"
File: utf8.def 2008/04/05 v1.1m UTF-8 support for inputenc
)
Overfull \hbox (6.4974pt too wide) in paragraph at lines 7201--7202
[]\T1/ptm/m/n/10 Misspecification model added on true model speci-fic-tion. Thi
s class con-tains [][]\T1/fi4/m/n/10 SimVector[][][]\T1/ptm/m/n/10 , [][]\T1/fi
4/m/n/10 SimMatrix[][][]\T1/ptm/m/n/10 ,
 []


Overfull \hbox (55.0669pt too wide) in paragraph at lines 7205--7206
\T1/ptm/m/n/10 anal-y-sis, or SEM model, re-spec-tively. Ob-jects can be also c
re-ated by calls of the form \T1/fi4/m/n/10 new("SimMisspec", ...)\T1/ptm/m/n/1
0 . 
 []

[120]
Overfull \hbox (2.23877pt too wide) in paragraph at lines 7242--7243
[]\T1/ptm/m/n/10 The type of pop-u-la-tion mis-fit used in the \T1/fi4/m/n/10 m
isfitBound \T1/ptm/m/n/10 be-low. The de-fault is \T1/fi4/m/n/10 "rmsea"\T1/ptm
/m/n/10 .
 []

[121]
Overfull \hbox (37.59773pt too wide) in paragraph at lines 7273--7274
[]\T1/ptm/m/n/10 Create an ob-ject this class by CFA, Path Anal-y-sis, or SEM m
odel by [][]\T1/fi4/m/n/10 simMisspecCFA[][][]\T1/ptm/m/n/10 , [][]\T1/fi4/m/n/
10 simMisspecPath[][][]\T1/ptm/m/n/10 ,
 []

("C:\Program Files (x86)\MiKTeX 2.9\tex\latex\base\utf8.def"
File: utf8.def 2008/04/05 v1.1m UTF-8 support for inputenc
) [122]
Overfull \hbox (1.16711pt too wide) in paragraph at lines 7314--7315
[]\T1/fi4/m/n/10 TRUE \T1/ptm/m/n/10 if users wish to con-strain pa-ram-e-ters 
be-fore adding mis-spec-i-fi-ca-tion. \T1/fi4/m/n/10 FALSE
 []

[123] ("C:\Program Files (x86)\MiKTeX 2.9\tex\latex\base\utf8.def"
File: utf8.def 2008/04/05 v1.1m UTF-8 support for inputenc
)
Overfull \hbox (1.16711pt too wide) in paragraph at lines 7393--7394
[]\T1/fi4/m/n/10 TRUE \T1/ptm/m/n/10 if users wish to con-strain pa-ram-e-ters 
be-fore adding mis-spec-i-fi-ca-tion. \T1/fi4/m/n/10 FALSE
 []

[124] ("C:\Program Files (x86)\MiKTeX 2.9\tex\latex\base\utf8.def"
File: utf8.def 2008/04/05 v1.1m UTF-8 support for inputenc
) [125]
Overfull \hbox (1.16711pt too wide) in paragraph at lines 7472--7473
[]\T1/fi4/m/n/10 TRUE \T1/ptm/m/n/10 if users wish to con-strain pa-ram-e-ters 
be-fore adding mis-spec-i-fi-ca-tion. \T1/fi4/m/n/10 FALSE
 []

[126]
Overfull \hbox (117.78088pt too wide) in paragraph at lines 7528--7528
 []\T1/fi4/m/n/9 SEM.Mis.Model <- simMisspecSEM(LX = LX.trivial, RTE = RTE.triv
ial, RTD = RTD.trivial, RTH = RTH.trivial, exo=TRUE)[] 
 []

("C:\Program Files (x86)\MiKTeX 2.9\tex\latex\base\utf8.def"
File: utf8.def 2008/04/05 v1.1m UTF-8 support for inputenc
) [127]
("C:\Program Files (x86)\MiKTeX 2.9\tex\latex\base\utf8.def"
File: utf8.def 2008/04/05 v1.1m UTF-8 support for inputenc
) [128]
Overfull \hbox (16.42868pt too wide) in paragraph at lines 7658--7659
\T1/ptm/m/n/10 ob-ject. \T1/fi4/m/n/10 data \T1/ptm/m/n/10 is data saved in \T1
/fi4/m/n/10 data.frame\T1/ptm/m/n/10 . The fol-low-ing ar-gu-ments are not re-q
uired. \T1/fi4/m/n/10 simMissing\T1/ptm/m/n/10 ,
 []

("C:\Program Files (x86)\MiKTeX 2.9\tex\latex\base\utf8.def"
File: utf8.def 2008/04/05 v1.1m UTF-8 support for inputenc
) [129]
Overfull \hbox (3.16756pt too wide) in paragraph at lines 7737--7738
\T1/ptm/m/n/10 fer-ences of model fit in-dices among mod-els. This func-tion re
-quires at least two \T1/fi4/m/n/10 SimModelMIOut
 []

[130] ("C:\Program Files (x86)\MiKTeX 2.9\tex\latex\base\utf8.def"
File: utf8.def 2008/04/05 v1.1m UTF-8 support for inputenc
)
Overfull \hbox (48.55852pt too wide) in paragraph at lines 7791--7792
[]\T1/ptm/m/n/10 Objects can be cre-ated by [][]\T1/fi4/m/n/10 run[][][] \T1/pt
m/m/n/10 on the [][]\T1/fi4/m/n/10 SimModel[][][]\T1/ptm/m/n/10 . It can also b
e called from the form \T1/fi4/m/n/10 new("SimModelOut", ...)\T1/ptm/m/n/10 . 
 []

[131] ("C:\Program Files (x86)\MiKTeX 2.9\tex\latex\base\utf8.def"
File: utf8.def 2008/04/05 v1.1m UTF-8 support for inputenc
) [132]
("C:\Program Files (x86)\MiKTeX 2.9\tex\latex\base\utf8.def"
File: utf8.def 2008/04/05 v1.1m UTF-8 support for inputenc
) [133]
("C:\Program Files (x86)\MiKTeX 2.9\tex\latex\base\utf8.def"
File: utf8.def 2008/04/05 v1.1m UTF-8 support for inputenc
) [134]
Overfull \hbox (17.59773pt too wide) in paragraph at lines 8014--8015
[]\T1/ptm/m/n/10 Create an ob-ject this class by CFA, Path Anal-y-sis, or SEM m
odel by [][]\T1/fi4/m/n/10 simParamCFA[][][]\T1/ptm/m/n/10 , [][]\T1/fi4/m/n/10
 simParamPath[][][]\T1/ptm/m/n/10 ,
 []

("C:\Program Files (x86)\MiKTeX 2.9\tex\latex\base\utf8.def"
File: utf8.def 2008/04/05 v1.1m UTF-8 support for inputenc
) [135]
("C:\Program Files (x86)\MiKTeX 2.9\tex\latex\base\utf8.def"
File: utf8.def 2008/04/05 v1.1m UTF-8 support for inputenc
) [136] [137]
("C:\Program Files (x86)\MiKTeX 2.9\tex\latex\base\utf8.def"
File: utf8.def 2008/04/05 v1.1m UTF-8 support for inputenc
) [138] [139]
("C:\Program Files (x86)\MiKTeX 2.9\tex\latex\base\utf8.def"
File: utf8.def 2008/04/05 v1.1m UTF-8 support for inputenc
) [140]
("C:\Program Files (x86)\MiKTeX 2.9\tex\latex\base\utf8.def"
File: utf8.def 2008/04/05 v1.1m UTF-8 support for inputenc
)
("C:\Program Files (x86)\MiKTeX 2.9\tex\latex\base\utf8.def"
File: utf8.def 2008/04/05 v1.1m UTF-8 support for inputenc
) [141] [142]
[143] ("C:\Program Files (x86)\MiKTeX 2.9\tex\latex\base\utf8.def"
File: utf8.def 2008/04/05 v1.1m UTF-8 support for inputenc
)
Overfull \hbox (0.63861pt too wide) in paragraph at lines 8559--8560
[]\T1/ptm/m/n/10 Objects can be cre-ated by [][]\T1/fi4/m/n/10 simResult[][][]\
T1/ptm/m/n/10 . It can also be called from the form \T1/fi4/m/n/10 new("SimResu
lt", ...)\T1/ptm/m/n/10 . 
 []

[144] ("C:\Program Files (x86)\MiKTeX 2.9\tex\latex\base\utf8.def"
File: utf8.def 2008/04/05 v1.1m UTF-8 support for inputenc
)
Overfull \hbox (219.78088pt too wide) in paragraph at lines 8650--8650
 []\T1/fi4/m/n/10 simResultParam(nRep, object, misspec=new("NullSimMisspec"), S
imEqualCon = new("NullSimEqualCon"), seed=123321, maxDraw=100)[] 
 []

[145] [146]
Overfull \hbox (23.28088pt too wide) in paragraph at lines 8717--8717
 []\T1/fi4/m/n/9 Path.Mis.Model2 <- simMisspecPath(BE = mis.BE, misfitType="rms
ea", misfitBound=c(0.05, 0.08))[] 
 []


Overfull \hbox (32.28088pt too wide) in paragraph at lines 8721--8721
 []\T1/fi4/m/n/9 Path.Mis.Model3 <- simMisspecPath(BE = mis.BE, misfitType="rms
ea", optMisfit="max", numIter=10)[] 
 []

("C:\Program Files (x86)\MiKTeX 2.9\tex\latex\base\utf8.def"
File: utf8.def 2008/04/05 v1.1m UTF-8 support for inputenc
)
Overfull \hbox (96.31819pt too wide) in paragraph at lines 8736--8737
[]\T1/ptm/m/n/10 Object can be cre-ated by [][]\T1/fi4/m/n/10 simResultParam[][
][]\T1/ptm/m/n/10 , Ob-jects can be also cre-ated by calls of the form \T1/fi4/
m/n/10 new("SimResultParam", ...)\T1/ptm/m/n/10 . 
 []

[147]
Overfull \hbox (32.28088pt too wide) in paragraph at lines 8808--8808
 []\T1/fi4/m/n/9 Path.Mis.Model <- simMisspecPath(BE = mis.BE, misfitType="rmse
a") #, misfitBound=c(0.05, 0.08))[] 
 []

("C:\Program Files (x86)\MiKTeX 2.9\tex\latex\base\utf8.def"
File: utf8.def 2008/04/05 v1.1m UTF-8 support for inputenc
) [148] [149]
("C:\Program Files (x86)\MiKTeX 2.9\tex\latex\base\utf8.def"
File: utf8.def 2008/04/05 v1.1m UTF-8 support for inputenc
) [150] [151]
("C:\Program Files (x86)\MiKTeX 2.9\tex\latex\base\utf8.def"
File: utf8.def 2008/04/05 v1.1m UTF-8 support for inputenc
) [152] [153]
("C:\Program Files (x86)\MiKTeX 2.9\tex\latex\base\utf8.def"
File: utf8.def 2008/04/05 v1.1m UTF-8 support for inputenc
) [154] [155]
[156]
Overfull \hbox (54.78088pt too wide) in paragraph at lines 9303--9303
 []\T1/fi4/m/n/9 SEM.Exo.model <- simSetSEM(GA=GA, BE=BE, LX=LX, LY=LY, RPH=RPH
, RPS=RPS, RTD=RTD, RTE=RTE, exo=TRUE)[] 
 []

("C:\Program Files (x86)\MiKTeX 2.9\tex\latex\base\utf8.def"
File: utf8.def 2008/04/05 v1.1m UTF-8 support for inputenc
) [157]
("C:\Program Files (x86)\MiKTeX 2.9\tex\latex\base\utf8.def"
File: utf8.def 2008/04/05 v1.1m UTF-8 support for inputenc
) [158]
("C:\Program Files (x86)\MiKTeX 2.9\tex\latex\base\utf8.def"
File: utf8.def 2008/04/05 v1.1m UTF-8 support for inputenc
) [159]
("C:\Program Files (x86)\MiKTeX 2.9\tex\latex\base\utf8.def"
File: utf8.def 2008/04/05 v1.1m UTF-8 support for inputenc
)
Overfull \hbox (63.32788pt too wide) in paragraph at lines 9473--9474
[]\T1/ptm/m/n/10 This ob-ject is cre-ated by [][]\T1/fi4/m/n/10 simVector[][][]
 \T1/ptm/m/n/10 func-tion. Ob-jects can be cre-ated by calls of the form \T1/fi
4/m/n/10 new("SimVector", ...)\T1/ptm/m/n/10 . 
 []

[160] ("C:\Program Files (x86)\MiKTeX 2.9\tex\latex\base\utf8.def"
File: utf8.def 2008/04/05 v1.1m UTF-8 support for inputenc
)
("C:\Program Files (x86)\MiKTeX 2.9\tex\latex\base\utf8.def"
File: utf8.def 2008/04/05 v1.1m UTF-8 support for inputenc
) [161]
("C:\Program Files (x86)\MiKTeX 2.9\tex\latex\base\utf8.def"
File: utf8.def 2008/04/05 v1.1m UTF-8 support for inputenc
) [162]
("C:\Program Files (x86)\MiKTeX 2.9\tex\latex\base\utf8.def"
File: utf8.def 2008/04/05 v1.1m UTF-8 support for inputenc
) [163] [164]
("C:\Program Files (x86)\MiKTeX 2.9\tex\latex\base\utf8.def"
File: utf8.def 2008/04/05 v1.1m UTF-8 support for inputenc
) [165]
("C:\Program Files (x86)\MiKTeX 2.9\tex\latex\base\utf8.def"
File: utf8.def 2008/04/05 v1.1m UTF-8 support for inputenc
) [166]
Overfull \hbox (2.46945pt too wide) in paragraph at lines 9929--9934
[]\T1/fi4/m/n/10 Std.Bias: \T1/ptm/m/n/10 Stan-dard-ized Bias, which is (\T1/fi
4/m/n/10 Estimate.Average \T1/ptm/m/n/10 - \T1/fi4/m/n/10 Average.Param\T1/ptm/
m/n/10 )/\T1/fi4/m/n/10 Estimate.SD
 []


Overfull \hbox (24.57841pt too wide) in paragraph at lines 9934--9938
[]\T1/fi4/m/n/10 Rel.SE.Bias: \T1/ptm/m/n/10 Rel-a-tive Bias in stan-dard er-ro
r, which is (\T1/fi4/m/n/10 Average.SE \T1/ptm/m/n/10 - \T1/fi4/m/n/10 Estimate
.SD\T1/ptm/m/n/10 )/\T1/fi4/m/n/10 Estimate.SD
 []

[167] ("C:\Program Files (x86)\MiKTeX 2.9\tex\latex\base\utf8.def"
File: utf8.def 2008/04/05 v1.1m UTF-8 support for inputenc
)
Overfull \hbox (25.01047pt too wide) in paragraph at lines 9985--9986
\T1/ptm/m/n/10 ob-ject can be \T1/fi4/m/n/10 linkS4class{SimModelOut}\T1/ptm/m/
n/10 , \T1/fi4/m/n/10 linkS4class{SimDataOut}\T1/ptm/m/n/10 , or \T1/fi4/m/n/10
 linkS4class{SimResult}\T1/ptm/m/n/10 . 
 []


Overfull \hbox (1.49042pt too wide) in paragraph at lines 9997--9998
\T1/ptm/m/n/10 from, which can be \T1/fi4/m/n/10 linkS4class{SimModelOut}\T1/pt
m/m/n/10 , \T1/fi4/m/n/10 linkS4class{SimDataOut}\T1/ptm/m/n/10 ,
 []

("C:\Program Files (x86)\MiKTeX 2.9\tex\latex\base\utf8.def"
File: utf8.def 2008/04/05 v1.1m UTF-8 support for inputenc
) [168]
("C:\Program Files (x86)\MiKTeX 2.9\tex\latex\base\utf8.def"
File: utf8.def 2008/04/05 v1.1m UTF-8 support for inputenc
) [169] [170]
("C:\Program Files (x86)\MiKTeX 2.9\tex\latex\base\utf8.def"
File: utf8.def 2008/04/05 v1.1m UTF-8 support for inputenc
) [171]
("C:\Program Files (x86)\MiKTeX 2.9\tex\latex\base\utf8.def"
File: utf8.def 2008/04/05 v1.1m UTF-8 support for inputenc
)
("C:\Program Files (x86)\MiKTeX 2.9\tex\latex\base\utf8.def"
File: utf8.def 2008/04/05 v1.1m UTF-8 support for inputenc
) [172]
("C:\Program Files (x86)\MiKTeX 2.9\tex\latex\base\utf8.def"
File: utf8.def 2008/04/05 v1.1m UTF-8 support for inputenc
) [173]
("C:\Program Files (x86)\MiKTeX 2.9\tex\latex\base\utf8.def"
File: utf8.def 2008/04/05 v1.1m UTF-8 support for inputenc
) [174]
("C:\Program Files (x86)\MiKTeX 2.9\tex\latex\base\utf8.def"
File: utf8.def 2008/04/05 v1.1m UTF-8 support for inputenc
)
("C:\Program Files (x86)\MiKTeX 2.9\tex\latex\base\utf8.def"
File: utf8.def 2008/04/05 v1.1m UTF-8 support for inputenc
) [175]
("C:\Program Files (x86)\MiKTeX 2.9\tex\latex\base\utf8.def"
File: utf8.def 2008/04/05 v1.1m UTF-8 support for inputenc
)
Overfull \hbox (1.54648pt too wide) in paragraph at lines 10521--10522
[]\T1/ptm/m/n/10 This func-tion will vec-tor-ize ev-ery ma-
 []

("C:\Program Files (x86)\MiKTeX 2.9\tex\latex\base\utf8.def"
File: utf8.def 2008/04/05 v1.1m UTF-8 support for inputenc
) [176] [177]
[178] ("C:\Program Files (x86)\MiKTeX 2.9\tex\latex\base\utf8.def"
File: utf8.def 2008/04/05 v1.1m UTF-8 support for inputenc
)
("C:\Program Files (x86)\MiKTeX 2.9\tex\latex\base\utf8.def"
File: utf8.def 2008/04/05 v1.1m UTF-8 support for inputenc
) [179]
("C:\Program Files (x86)\MiKTeX 2.9\tex\latex\base\utf8.def"
File: utf8.def 2008/04/05 v1.1m UTF-8 support for inputenc
) [180]
("C:\Program Files (x86)\MiKTeX 2.9\tex\latex\base\utf8.def"
File: utf8.def 2008/04/05 v1.1m UTF-8 support for inputenc
)
("C:\Program Files (x86)\MiKTeX 2.9\tex\latex\base\utf8.def"
File: utf8.def 2008/04/05 v1.1m UTF-8 support for inputenc
) [181]
(C:\Users\Sunthud\AppData\Local\Temp\RtmpUJRbRe\Rd2pdf5fc7a257fb0\Rd2.ind
[182]
LaTeX Font Info:    Font shape `T1/ptm/bx/n' in size <12> not available
(Font)              Font shape `T1/ptm/b/n' tried instead on input line 3.


LaTeX Font Warning: Font shape `T1/fi4/m/it' undefined
(Font)              using `T1/fi4/m/n' instead on input line 32.


Overfull \hbox (10.8567pt too wide) in paragraph at lines 73--75
[]\T1/fi4/m/it/10 combineObject,MatrixSet,MatrixSet-method 
 []


Overfull \hbox (10.8567pt too wide) in paragraph at lines 75--77
[]\T1/fi4/m/it/10 combineObject,SimMatrix,SimMatrix-method 
 []


Overfull \hbox (10.8567pt too wide) in paragraph at lines 79--81
[]\T1/fi4/m/it/10 combineObject,SimVector,SimVector-method 
 []


Overfull \hbox (40.8567pt too wide) in paragraph at lines 90--92
[]\T1/fi4/m/it/10 constrainMatrices,MatrixSet,SimEqualCon-method 
 []


Overfull \hbox (0.8567pt too wide) in paragraph at lines 100--102
[]\T1/fi4/m/it/10 countFreeParameters,SimEqualCon-method 
 []


Overfull \hbox (5.8567pt too wide) in paragraph at lines 104--106
[]\T1/fi4/m/it/10 countFreeParameters,SimREqualCon-method 
 []

[183

]
Overfull \hbox (0.8567pt too wide) in paragraph at lines 114--116
[]\T1/fi4/m/it/10 countFreeParameters,VirtualRSet-method 
 []

[184] [185]
Overfull \hbox (0.8567pt too wide) in paragraph at lines 445--447
[]\T1/fi4/m/it/10 plotPower,data.frame,data.frame-method 
 []

[186]
Overfull \hbox (5.8567pt too wide) in paragraph at lines 600--602
[]\T1/fi4/m/it/10 setOpenMxObject,SimParam,SimRSet-method 
 []


Overfull \hbox (10.8567pt too wide) in paragraph at lines 611--613
[]\T1/fi4/m/it/10 setPopulation,SimModelOut,SimRSet-method 
 []


Overfull \hbox (5.8567pt too wide) in paragraph at lines 613--615
[]\T1/fi4/m/it/10 setPopulation,SimModelOut,SimSet-method 
 []


Overfull \hbox (15.8567pt too wide) in paragraph at lines 615--617
[]\T1/fi4/m/it/10 setPopulation,SimResult,data.frame-method 
 []


Overfull \hbox (20.8567pt too wide) in paragraph at lines 619--621
[]\T1/fi4/m/it/10 setPopulation,SimResult,VirtualRSet-method 
 []

[187] [188] [189] [190]
Overfull \hbox (35.8567pt too wide) in paragraph at lines 1290--1292
[]\T1/fi4/m/it/10 vectorizeObject,MatrixSet,SimGenLabels-method 
 []


Overfull \hbox (30.8567pt too wide) in paragraph at lines 1294--1296
[]\T1/fi4/m/it/10 vectorizeObject,VirtualRSet,SimLabels-method 
 []

[191

])
Package atveryend Info: Empty hook `BeforeClearDocument' on input line 10924.
Package atveryend Info: Empty hook `AfterLastShipout' on input line 10924.

(C:\Users\Sunthud\AppData\Local\Temp\RtmpUJRbRe\Rd2pdf5fc7a257fb0\Rd2.aux)
Package atveryend Info: Executing hook `AtVeryEndDocument' on input line 10924.

Package atveryend Info: Executing hook `AtEndAfterFileList' on input line 10924
.
Package rerunfilecheck Info: File `Rd2.out' has not changed.
(rerunfilecheck)             Checksum: 84E186C3FD7D0344B3F40579050909A6;10218.


LaTeX Font Warning: Some font shapes were not available, defaults substituted.

Package atveryend Info: Empty hook `AtVeryVeryEnd' on input line 10924.
 ) 
Here is how much of TeX's memory you used:
 8736 strings out of 494053
 144877 string characters out of 3146180
 190806 words of memory out of 3000000
 9505 multiletter control sequences out of 15000+200000
 43888 words of font info for 52 fonts, out of 3000000 for 9000
 715 hyphenation exceptions out of 8191
 38i,6n,34p,1286b,588s stack positions out of 5000i,500n,10000p,200000b,50000s
pdfTeX warning (dest): name{Rfn.summary} has been referenced but does not exi
st, replaced by a fixed one

{C:/Program Files (x86)/MiKTeX 2.9/fonts/enc/dvips/fontname/8r.enc}{C:/Program 
Files (x86)/MiKTeX 2.9/fonts/enc/dvips/inconsolata/fi4-ec.enc}<C:/Program Files
 (x86)/MiKTeX 2.9/fonts/type1/public/inconsolata/Inconsolata.pfb><C:/Program Fi
les (x86)/MiKTeX 2.9/fonts/type1/public/amsfonts/cm/cmex10.pfb><C:/Program File
s (x86)/MiKTeX 2.9/fonts/type1/public/amsfonts/cm/cmmi10.pfb><C:/Program Files 
(x86)/MiKTeX 2.9/fonts/type1/public/amsfonts/cm/cmmi5.pfb><C:/Program Files (x8
6)/MiKTeX 2.9/fonts/type1/public/amsfonts/cm/cmmi7.pfb><C:/Program Files (x86)/
MiKTeX 2.9/fonts/type1/public/amsfonts/cm/cmr10.pfb><C:/Program Files (x86)/MiK
TeX 2.9/fonts/type1/public/amsfonts/cm/cmr7.pfb><C:/Program Files (x86)/MiKTeX 
2.9/fonts/type1/public/amsfonts/cm/cmsy10.pfb><C:/Program Files (x86)/MiKTeX 2.
9/fonts/type1/public/amsfonts/cm/cmsy7.pfb><C:/Program Files (x86)/MiKTeX 2.9/f
onts/type1/urw/helvetic/uhvr8a.pfb><C:/Program Files (x86)/MiKTeX 2.9/fonts/typ
e1/urw/times/utmb8a.pfb><C:/Program Files (x86)/MiKTeX 2.9/fonts/type1/urw/time
s/utmr8a.pfb><C:/Program Files (x86)/MiKTeX 2.9/fonts/type1/urw/times/utmr8a.pf
b><C:/Program Files (x86)/MiKTeX 2.9/fonts/type1/urw/times/utmri8a.pfb>
Output written on Rd2.pdf (191 pages, 1193308 bytes).
PDF statistics:
 5649 PDF objects out of 6186 (max. 8388607)
 2087 named destinations out of 2487 (max. 500000)
 1361 words of extra memory for PDF output out of 10000 (max. 10000000)

