* using log directory 'C:/Users/Sunthud/simsem_backup/simsem.Rcheck'
* using R version 2.13.2 (2011-09-30)
* using platform: i386-pc-mingw32 (32-bit)
* using session charset: ISO8859-1
* checking for file 'simsem/DESCRIPTION' ... OK
* checking extension type ... Package
* this is package 'simsem' version '0.0-1'
* checking package namespace information ... OK
* checking package dependencies ... OK
* checking if this is a source package ... OK
* checking for executable files ... OK
* checking whether package 'simsem' can be installed ... OK
* checking installed package size ... OK
* checking package directory ... OK
* checking for portable file names ... OK
* checking DESCRIPTION meta-information ... OK
* checking top-level files ... OK
* checking index information ... OK
* checking package subdirectories ... OK
* checking R files for non-ASCII characters ... OK
* checking R files for syntax errors ... OK
* checking whether the package can be loaded ... OK
* checking whether the package can be loaded with stated dependencies ... OK
* checking whether the package can be unloaded cleanly ... OK
* checking whether the namespace can be loaded with stated dependencies ... OK
* checking whether the namespace can be unloaded cleanly ... OK
* checking for unstated dependencies in R code ... OK
* checking S3 generic/method consistency ... WARNING
plot:
  function(x, ...)
plot.cutoff:
  function(object, ...)

plot:
  function(x, ...)
plot.power:
  function(object.alt, object.null, ...)

See section 'Generic functions and methods' of the 'Writing R
Extensions' manual.
* checking replacement functions ... OK
* checking foreign function calls ... OK
* checking R code for possible problems ... NOTE
runOpenMx: no visible binding for global variable 'LY'
runOpenMx: no visible binding for global variable 'PS'
runOpenMx: no visible binding for global variable 'TE'
runOpenMx: no visible binding for global variable 'TY'
runOpenMx: no visible binding for global variable 'AL'
runOpenMx: no visible binding for global variable 'ID'
runOpenMx: no visible binding for global variable 'BE'
* checking Rd files ... OK
* checking Rd metadata ... OK
* checking Rd cross-references ... OK
* checking for missing documentation entries ... OK
* checking for code/documentation mismatches ... WARNING
Functions/methods with usage in documentation object 'summary-methods' but not in code:
  summary

* checking Rd \usage sections ... WARNING
Objects in \usage without \alias in documentation object 'summary-methods':
  summary

Functions with \usage entries need to have the appropriate \alias
entries, and all their arguments documented.
The \usage entries must correspond to syntactically valid R code.
See the chapter 'Writing R documentation files' in the 'Writing R
Extensions' manual.
* checking Rd contents ... OK
* checking for unstated dependencies in examples ... OK
* checking examples ... OK
* checking PDF version of manual ... OK
WARNING: There were 3 warnings, see
  'C:/Users/Sunthud/simsem_backup/simsem.Rcheck/00check.log'
for details
